2022-03-28 10:42:26,297 [Worker-4: Loading available Gradle versions] INFO  o.e.b.c.i.u.g.PublishedGradleVersions - Gradle version information cache is not available. Remote download required.
2022-03-28 10:44:08,534 [Worker-3: Import Getting Started Content] INFO  o.e.m.c.i.l.LifecycleMappingFactory - Using org.eclipse.m2e.jdt.JarLifecycleMapping lifecycle mapping for MavenProject: com.example:Ams:0.0.1-SNAPSHOT @ C:\Users\USER\Desktop\Formation\Ams\pom.xml.
2022-03-28 10:44:13,891 [Worker-3: Import Getting Started Content] INFO  o.e.m.j.i.AbstractJavaProjectConfigurator - Adding source folder /Ams/src/main/java
2022-03-28 10:44:13,891 [Worker-3: Import Getting Started Content] INFO  o.e.m.j.i.AbstractJavaProjectConfigurator - Adding resource folder /Ams/src/main/resources
2022-03-28 10:44:13,894 [Worker-3: Import Getting Started Content] INFO  o.e.m.j.i.AbstractJavaProjectConfigurator - Adding resource folder /Ams/src/main/resources
2022-03-28 10:44:13,898 [Worker-3: Import Getting Started Content] INFO  o.e.m.j.i.AbstractJavaProjectConfigurator - Adding source folder /Ams/src/test/java
2022-03-28 10:44:22,257 [Worker-3: Import Getting Started Content] INFO  o.e.m.c.i.p.ProjectConfigurationManager - Imported and configured 1 project(s) in 18 sec
2022-03-28 10:44:22,261 [Worker-3: Import Getting Started Content] INFO  o.e.m.c.i.p.ProjectConfigurationManager - Update started
2022-03-28 10:44:22,602 [Worker-3: Import Getting Started Content] INFO  o.e.m.c.i.l.LifecycleMappingFactory - Using org.eclipse.m2e.jdt.JarLifecycleMapping lifecycle mapping for MavenProject: com.example:Ams:0.0.1-SNAPSHOT @ C:\Users\USER\Desktop\Formation\Ams\pom.xml.
2022-03-28 10:44:22,975 [Worker-3: Import Getting Started Content] INFO  o.e.m.j.i.AbstractJavaProjectConfigurator - Adding source folder /Ams/src/main/java
2022-03-28 10:44:22,975 [Worker-3: Import Getting Started Content] INFO  o.e.m.j.i.AbstractJavaProjectConfigurator - Adding resource folder /Ams/src/main/resources
2022-03-28 10:44:22,975 [Worker-3: Import Getting Started Content] INFO  o.e.m.j.i.AbstractJavaProjectConfigurator - Adding resource folder /Ams/src/main/resources
2022-03-28 10:44:22,976 [Worker-3: Import Getting Started Content] INFO  o.e.m.j.i.AbstractJavaProjectConfigurator - Adding source folder /Ams/src/test/java
2022-03-28 10:44:23,709 [Worker-3: Import Getting Started Content] INFO  o.e.m.c.i.p.ProjectConfigurationManager - Update completed: 1 sec
2022-03-28 10:44:24,452 [Worker-5: Building] INFO  o.e.m.c.i.embedder.EclipseLogger - Using 'UTF-8' encoding to copy filtered resources.
2022-03-28 10:44:24,453 [Worker-5: Building] INFO  o.e.m.c.i.embedder.EclipseLogger - Using 'UTF-8' encoding to copy filtered properties files.
2022-03-28 10:44:24,479 [Worker-5: Building] INFO  o.e.m.c.i.embedder.EclipseLogger - Copying 1 resource
2022-03-28 10:44:24,490 [Worker-5: Building] INFO  o.e.m.c.i.embedder.EclipseLogger - Copying 0 resource
2022-03-28 10:44:24,493 [Worker-5: Building] INFO  o.e.m.c.i.embedder.EclipseLogger - Using 'UTF-8' encoding to copy filtered resources.
2022-03-28 10:44:24,493 [Worker-5: Building] INFO  o.e.m.c.i.embedder.EclipseLogger - Using 'UTF-8' encoding to copy filtered properties files.
2022-03-28 10:44:24,493 [Worker-5: Building] INFO  o.e.m.c.i.embedder.EclipseLogger - skip non existing resourceDirectory C:\Users\USER\Desktop\Formation\Ams\src\test\resources
2022-03-28 10:45:49,682 [Worker-4: Building] INFO  o.e.m.c.i.embedder.EclipseLogger - Using 'UTF-8' encoding to copy filtered resources.
2022-03-28 10:45:49,682 [Worker-4: Building] INFO  o.e.m.c.i.embedder.EclipseLogger - Using 'UTF-8' encoding to copy filtered properties files.
2022-03-28 10:45:49,684 [Worker-4: Building] INFO  o.e.m.c.i.embedder.EclipseLogger - Copying 0 resource
2022-03-28 10:45:49,685 [Worker-4: Building] INFO  o.e.m.c.i.embedder.EclipseLogger - Copying 1 resource
2022-03-28 10:45:49,689 [Worker-4: Building] INFO  o.e.m.c.i.embedder.EclipseLogger - Using 'UTF-8' encoding to copy filtered resources.
2022-03-28 10:45:49,689 [Worker-4: Building] INFO  o.e.m.c.i.embedder.EclipseLogger - Using 'UTF-8' encoding to copy filtered properties files.
2022-03-28 10:45:49,690 [Worker-4: Building] INFO  o.e.m.c.i.embedder.EclipseLogger - skip non existing resourceDirectory C:\Users\USER\Desktop\Formation\Ams\src\test\resources
2022-03-28 10:49:05,351 [Worker-4: Launching Ams - AmsApplication] INFO  o.e.m.c.i.embedder.EclipseLogger - Using 'UTF-8' encoding to copy filtered resources.
2022-03-28 10:49:05,351 [Worker-4: Launching Ams - AmsApplication] INFO  o.e.m.c.i.embedder.EclipseLogger - Using 'UTF-8' encoding to copy filtered properties files.
2022-03-28 10:49:05,351 [Worker-4: Launching Ams - AmsApplication] INFO  o.e.m.c.i.embedder.EclipseLogger - Copying 0 resource
2022-03-28 10:49:05,352 [Worker-4: Launching Ams - AmsApplication] INFO  o.e.m.c.i.embedder.EclipseLogger - Copying 1 resource
2022-03-28 10:49:05,361 [Worker-4: Launching Ams - AmsApplication] INFO  o.e.m.c.i.embedder.EclipseLogger - Using 'UTF-8' encoding to copy filtered resources.
2022-03-28 10:49:05,361 [Worker-4: Launching Ams - AmsApplication] INFO  o.e.m.c.i.embedder.EclipseLogger - Using 'UTF-8' encoding to copy filtered properties files.
2022-03-28 10:49:05,361 [Worker-4: Launching Ams - AmsApplication] INFO  o.e.m.c.i.embedder.EclipseLogger - skip non existing resourceDirectory C:\Users\USER\Desktop\Formation\Ams\src\test\resources
2022-03-28 10:53:58,145 [Worker-8: Launching Ams - AmsApplication] INFO  o.e.m.c.i.embedder.EclipseLogger - Using 'UTF-8' encoding to copy filtered resources.
2022-03-28 10:53:58,145 [Worker-8: Launching Ams - AmsApplication] INFO  o.e.m.c.i.embedder.EclipseLogger - Using 'UTF-8' encoding to copy filtered properties files.
2022-03-28 10:53:58,146 [Worker-8: Launching Ams - AmsApplication] INFO  o.e.m.c.i.embedder.EclipseLogger - Copying 0 resource
2022-03-28 10:53:58,147 [Worker-8: Launching Ams - AmsApplication] INFO  o.e.m.c.i.embedder.EclipseLogger - Copying 1 resource
2022-03-28 10:53:58,152 [Worker-8: Launching Ams - AmsApplication] INFO  o.e.m.c.i.embedder.EclipseLogger - Using 'UTF-8' encoding to copy filtered resources.
2022-03-28 10:53:58,152 [Worker-8: Launching Ams - AmsApplication] INFO  o.e.m.c.i.embedder.EclipseLogger - Using 'UTF-8' encoding to copy filtered properties files.
2022-03-28 10:53:58,152 [Worker-8: Launching Ams - AmsApplication] INFO  o.e.m.c.i.embedder.EclipseLogger - skip non existing resourceDirectory C:\Users\USER\Desktop\Formation\Ams\src\test\resources
2022-03-28 10:54:38,855 [Worker-1: Launching Ams - AmsApplication] INFO  o.e.m.c.i.embedder.EclipseLogger - Using 'UTF-8' encoding to copy filtered resources.
2022-03-28 10:54:38,855 [Worker-1: Launching Ams - AmsApplication] INFO  o.e.m.c.i.embedder.EclipseLogger - Using 'UTF-8' encoding to copy filtered properties files.
2022-03-28 10:54:38,855 [Worker-1: Launching Ams - AmsApplication] INFO  o.e.m.c.i.embedder.EclipseLogger - Copying 0 resource
2022-03-28 10:54:38,856 [Worker-1: Launching Ams - AmsApplication] INFO  o.e.m.c.i.embedder.EclipseLogger - Copying 1 resource
2022-03-28 10:54:38,861 [Worker-1: Launching Ams - AmsApplication] INFO  o.e.m.c.i.embedder.EclipseLogger - Using 'UTF-8' encoding to copy filtered resources.
2022-03-28 10:54:38,861 [Worker-1: Launching Ams - AmsApplication] INFO  o.e.m.c.i.embedder.EclipseLogger - Using 'UTF-8' encoding to copy filtered properties files.
2022-03-28 10:54:38,861 [Worker-1: Launching Ams - AmsApplication] INFO  o.e.m.c.i.embedder.EclipseLogger - skip non existing resourceDirectory C:\Users\USER\Desktop\Formation\Ams\src\test\resources
2022-03-28 10:56:13,970 [Worker-0: Building] INFO  o.e.m.c.i.embedder.EclipseLogger - Using 'UTF-8' encoding to copy filtered resources.
2022-03-28 10:56:13,971 [Worker-0: Building] INFO  o.e.m.c.i.embedder.EclipseLogger - Using 'UTF-8' encoding to copy filtered properties files.
2022-03-28 10:56:13,979 [Worker-0: Building] INFO  o.e.m.c.i.embedder.EclipseLogger - Copying 1 resource
2022-03-28 10:56:13,986 [Worker-0: Building] INFO  o.e.m.c.i.embedder.EclipseLogger - Copying 1 resource
2022-03-28 10:56:13,988 [Worker-0: Building] INFO  o.e.m.c.i.embedder.EclipseLogger - Using 'UTF-8' encoding to copy filtered resources.
2022-03-28 10:56:13,988 [Worker-0: Building] INFO  o.e.m.c.i.embedder.EclipseLogger - Using 'UTF-8' encoding to copy filtered properties files.
2022-03-28 10:56:13,988 [Worker-0: Building] INFO  o.e.m.c.i.embedder.EclipseLogger - skip non existing resourceDirectory C:\Users\USER\Desktop\Formation\Ams\src\test\resources
2022-03-28 11:01:15,086 [Worker-13: Building] INFO  o.e.m.c.i.embedder.EclipseLogger - Using 'UTF-8' encoding to copy filtered resources.
2022-03-28 11:01:15,087 [Worker-13: Building] INFO  o.e.m.c.i.embedder.EclipseLogger - Using 'UTF-8' encoding to copy filtered properties files.
2022-03-28 11:01:15,088 [Worker-13: Building] INFO  o.e.m.c.i.embedder.EclipseLogger - Copying 1 resource
2022-03-28 11:01:15,115 [Worker-13: Building] INFO  o.e.m.c.i.embedder.EclipseLogger - Copying 1 resource
2022-03-28 11:01:15,118 [Worker-13: Building] INFO  o.e.m.c.i.embedder.EclipseLogger - Using 'UTF-8' encoding to copy filtered resources.
2022-03-28 11:01:15,118 [Worker-13: Building] INFO  o.e.m.c.i.embedder.EclipseLogger - Using 'UTF-8' encoding to copy filtered properties files.
2022-03-28 11:01:15,118 [Worker-13: Building] INFO  o.e.m.c.i.embedder.EclipseLogger - skip non existing resourceDirectory C:\Users\USER\Desktop\Formation\Ams\src\test\resources
2022-03-28 11:01:16,145 [Worker-13: Building] INFO  o.e.m.c.i.embedder.EclipseLogger - Using 'UTF-8' encoding to copy filtered resources.
2022-03-28 11:01:16,146 [Worker-13: Building] INFO  o.e.m.c.i.embedder.EclipseLogger - Using 'UTF-8' encoding to copy filtered properties files.
2022-03-28 11:01:16,147 [Worker-13: Building] INFO  o.e.m.c.i.embedder.EclipseLogger - Copying 0 resource
2022-03-28 11:01:16,147 [Worker-13: Building] INFO  o.e.m.c.i.embedder.EclipseLogger - Copying 0 resource
2022-03-28 11:01:16,150 [Worker-13: Building] INFO  o.e.m.c.i.embedder.EclipseLogger - Using 'UTF-8' encoding to copy filtered resources.
2022-03-28 11:01:16,150 [Worker-13: Building] INFO  o.e.m.c.i.embedder.EclipseLogger - Using 'UTF-8' encoding to copy filtered properties files.
2022-03-28 11:01:16,150 [Worker-13: Building] INFO  o.e.m.c.i.embedder.EclipseLogger - skip non existing resourceDirectory C:\Users\USER\Desktop\Formation\Ams\src\test\resources
2022-03-28 11:03:40,668 [Worker-14: Building] INFO  o.e.m.c.i.embedder.EclipseLogger - Using 'UTF-8' encoding to copy filtered resources.
2022-03-28 11:03:40,669 [Worker-14: Building] INFO  o.e.m.c.i.embedder.EclipseLogger - Using 'UTF-8' encoding to copy filtered properties files.
2022-03-28 11:03:40,669 [Worker-14: Building] INFO  o.e.m.c.i.embedder.EclipseLogger - Copying 0 resource
2022-03-28 11:03:40,669 [Worker-14: Building] INFO  o.e.m.c.i.embedder.EclipseLogger - Copying 0 resource
2022-03-28 11:03:40,671 [Worker-14: Building] INFO  o.e.m.c.i.embedder.EclipseLogger - Using 'UTF-8' encoding to copy filtered resources.
2022-03-28 11:03:40,671 [Worker-14: Building] INFO  o.e.m.c.i.embedder.EclipseLogger - Using 'UTF-8' encoding to copy filtered properties files.
2022-03-28 11:03:40,671 [Worker-14: Building] INFO  o.e.m.c.i.embedder.EclipseLogger - skip non existing resourceDirectory C:\Users\USER\Desktop\Formation\Ams\src\test\resources
2022-03-28 11:04:10,208 [Worker-15: Building] INFO  o.e.m.c.i.embedder.EclipseLogger - Using 'UTF-8' encoding to copy filtered resources.
2022-03-28 11:04:10,209 [Worker-15: Building] INFO  o.e.m.c.i.embedder.EclipseLogger - Using 'UTF-8' encoding to copy filtered properties files.
2022-03-28 11:04:10,209 [Worker-15: Building] INFO  o.e.m.c.i.embedder.EclipseLogger - Copying 0 resource
2022-03-28 11:04:10,209 [Worker-15: Building] INFO  o.e.m.c.i.embedder.EclipseLogger - Copying 1 resource
2022-03-28 11:04:10,215 [Worker-15: Building] INFO  o.e.m.c.i.embedder.EclipseLogger - Using 'UTF-8' encoding to copy filtered resources.
2022-03-28 11:04:10,215 [Worker-15: Building] INFO  o.e.m.c.i.embedder.EclipseLogger - Using 'UTF-8' encoding to copy filtered properties files.
2022-03-28 11:04:10,215 [Worker-15: Building] INFO  o.e.m.c.i.embedder.EclipseLogger - skip non existing resourceDirectory C:\Users\USER\Desktop\Formation\Ams\src\test\resources
2022-03-28 11:10:59,153 [Worker-14: Launching Ams - AmsApplication] INFO  o.e.m.c.i.embedder.EclipseLogger - Using 'UTF-8' encoding to copy filtered resources.
2022-03-28 11:10:59,154 [Worker-14: Launching Ams - AmsApplication] INFO  o.e.m.c.i.embedder.EclipseLogger - Using 'UTF-8' encoding to copy filtered properties files.
2022-03-28 11:10:59,155 [Worker-14: Launching Ams - AmsApplication] INFO  o.e.m.c.i.embedder.EclipseLogger - Copying 1 resource
2022-03-28 11:10:59,176 [Worker-14: Launching Ams - AmsApplication] INFO  o.e.m.c.i.embedder.EclipseLogger - Copying 2 resources
2022-03-28 11:10:59,181 [Worker-14: Launching Ams - AmsApplication] INFO  o.e.m.c.i.embedder.EclipseLogger - Using 'UTF-8' encoding to copy filtered resources.
2022-03-28 11:10:59,181 [Worker-14: Launching Ams - AmsApplication] INFO  o.e.m.c.i.embedder.EclipseLogger - Using 'UTF-8' encoding to copy filtered properties files.
2022-03-28 11:10:59,182 [Worker-14: Launching Ams - AmsApplication] INFO  o.e.m.c.i.embedder.EclipseLogger - skip non existing resourceDirectory C:\Users\USER\Desktop\Formation\Ams\src\test\resources
2022-03-28 11:11:34,315 [Worker-13: Launching Ams - AmsApplication] INFO  o.e.m.c.i.embedder.EclipseLogger - Using 'UTF-8' encoding to copy filtered resources.
2022-03-28 11:11:34,316 [Worker-13: Launching Ams - AmsApplication] INFO  o.e.m.c.i.embedder.EclipseLogger - Using 'UTF-8' encoding to copy filtered properties files.
2022-03-28 11:11:34,317 [Worker-13: Launching Ams - AmsApplication] INFO  o.e.m.c.i.embedder.EclipseLogger - Copying 1 resource
2022-03-28 11:11:34,323 [Worker-13: Launching Ams - AmsApplication] INFO  o.e.m.c.i.embedder.EclipseLogger - Copying 2 resources
2022-03-28 11:11:34,326 [Worker-13: Launching Ams - AmsApplication] INFO  o.e.m.c.i.embedder.EclipseLogger - Using 'UTF-8' encoding to copy filtered resources.
2022-03-28 11:11:34,326 [Worker-13: Launching Ams - AmsApplication] INFO  o.e.m.c.i.embedder.EclipseLogger - Using 'UTF-8' encoding to copy filtered properties files.
2022-03-28 11:11:34,327 [Worker-13: Launching Ams - AmsApplication] INFO  o.e.m.c.i.embedder.EclipseLogger - skip non existing resourceDirectory C:\Users\USER\Desktop\Formation\Ams\src\test\resources
2022-03-28 11:45:19,283 [Worker-20: Building] INFO  o.e.m.c.i.embedder.EclipseLogger - Using 'UTF-8' encoding to copy filtered resources.
2022-03-28 11:45:19,284 [Worker-20: Building] INFO  o.e.m.c.i.embedder.EclipseLogger - Using 'UTF-8' encoding to copy filtered properties files.
2022-03-28 11:45:19,285 [Worker-20: Building] INFO  o.e.m.c.i.embedder.EclipseLogger - Copying 1 resource
2022-03-28 11:45:19,287 [Worker-20: Building] INFO  o.e.m.c.i.embedder.EclipseLogger - Copying 2 resources
2022-03-28 11:45:19,294 [Worker-20: Building] INFO  o.e.m.c.i.embedder.EclipseLogger - Using 'UTF-8' encoding to copy filtered resources.
2022-03-28 11:45:19,294 [Worker-20: Building] INFO  o.e.m.c.i.embedder.EclipseLogger - Using 'UTF-8' encoding to copy filtered properties files.
2022-03-28 11:45:19,295 [Worker-20: Building] INFO  o.e.m.c.i.embedder.EclipseLogger - skip non existing resourceDirectory C:\Users\USER\Desktop\Formation\Ams\src\test\resources
2022-03-28 11:46:02,041 [Worker-15: Building] INFO  o.e.m.c.i.embedder.EclipseLogger - Using 'UTF-8' encoding to copy filtered resources.
2022-03-28 11:46:02,041 [Worker-15: Building] INFO  o.e.m.c.i.embedder.EclipseLogger - Using 'UTF-8' encoding to copy filtered properties files.
2022-03-28 11:46:02,043 [Worker-15: Building] INFO  o.e.m.c.i.embedder.EclipseLogger - Copying 1 resource
2022-03-28 11:46:02,057 [Worker-15: Building] INFO  o.e.m.c.i.embedder.EclipseLogger - Copying 2 resources
2022-03-28 11:46:02,060 [Worker-15: Building] INFO  o.e.m.c.i.embedder.EclipseLogger - Using 'UTF-8' encoding to copy filtered resources.
2022-03-28 11:46:02,060 [Worker-15: Building] INFO  o.e.m.c.i.embedder.EclipseLogger - Using 'UTF-8' encoding to copy filtered properties files.
2022-03-28 11:46:02,060 [Worker-15: Building] INFO  o.e.m.c.i.embedder.EclipseLogger - skip non existing resourceDirectory C:\Users\USER\Desktop\Formation\Ams\src\test\resources
2022-03-28 11:46:31,069 [Worker-19: Launching Ams - AmsApplication] INFO  o.e.m.c.i.embedder.EclipseLogger - Using 'UTF-8' encoding to copy filtered resources.
2022-03-28 11:46:31,069 [Worker-19: Launching Ams - AmsApplication] INFO  o.e.m.c.i.embedder.EclipseLogger - Using 'UTF-8' encoding to copy filtered properties files.
2022-03-28 11:46:31,071 [Worker-19: Launching Ams - AmsApplication] INFO  o.e.m.c.i.embedder.EclipseLogger - Copying 1 resource
2022-03-28 11:46:31,085 [Worker-19: Launching Ams - AmsApplication] INFO  o.e.m.c.i.embedder.EclipseLogger - Copying 2 resources
2022-03-28 11:46:31,087 [Worker-19: Launching Ams - AmsApplication] INFO  o.e.m.c.i.embedder.EclipseLogger - Using 'UTF-8' encoding to copy filtered resources.
2022-03-28 11:46:31,087 [Worker-19: Launching Ams - AmsApplication] INFO  o.e.m.c.i.embedder.EclipseLogger - Using 'UTF-8' encoding to copy filtered properties files.
2022-03-28 11:46:31,088 [Worker-19: Launching Ams - AmsApplication] INFO  o.e.m.c.i.embedder.EclipseLogger - skip non existing resourceDirectory C:\Users\USER\Desktop\Formation\Ams\src\test\resources
2022-03-28 11:47:16,215 [Worker-21: Building] INFO  o.e.m.c.i.embedder.EclipseLogger - Using 'UTF-8' encoding to copy filtered resources.
2022-03-28 11:47:16,216 [Worker-21: Building] INFO  o.e.m.c.i.embedder.EclipseLogger - Using 'UTF-8' encoding to copy filtered properties files.
2022-03-28 11:47:16,216 [Worker-21: Building] INFO  o.e.m.c.i.embedder.EclipseLogger - Copying 0 resource
2022-03-28 11:47:16,216 [Worker-21: Building] INFO  o.e.m.c.i.embedder.EclipseLogger - Copying 1 resource
2022-03-28 11:47:16,220 [Worker-21: Building] INFO  o.e.m.c.i.embedder.EclipseLogger - Using 'UTF-8' encoding to copy filtered resources.
2022-03-28 11:47:16,220 [Worker-21: Building] INFO  o.e.m.c.i.embedder.EclipseLogger - Using 'UTF-8' encoding to copy filtered properties files.
2022-03-28 11:47:16,221 [Worker-21: Building] INFO  o.e.m.c.i.embedder.EclipseLogger - skip non existing resourceDirectory C:\Users\USER\Desktop\Formation\Ams\src\test\resources
2022-03-28 11:51:54,208 [Worker-26: Launching Ams - AmsApplication] INFO  o.e.m.c.i.embedder.EclipseLogger - Using 'UTF-8' encoding to copy filtered resources.
2022-03-28 11:51:54,208 [Worker-26: Launching Ams - AmsApplication] INFO  o.e.m.c.i.embedder.EclipseLogger - Using 'UTF-8' encoding to copy filtered properties files.
2022-03-28 11:51:54,210 [Worker-26: Launching Ams - AmsApplication] INFO  o.e.m.c.i.embedder.EclipseLogger - Copying 1 resource
2022-03-28 11:51:54,216 [Worker-26: Launching Ams - AmsApplication] INFO  o.e.m.c.i.embedder.EclipseLogger - Copying 2 resources
2022-03-28 11:51:54,221 [Worker-26: Launching Ams - AmsApplication] INFO  o.e.m.c.i.embedder.EclipseLogger - Using 'UTF-8' encoding to copy filtered resources.
2022-03-28 11:51:54,221 [Worker-26: Launching Ams - AmsApplication] INFO  o.e.m.c.i.embedder.EclipseLogger - Using 'UTF-8' encoding to copy filtered properties files.
2022-03-28 11:51:54,221 [Worker-26: Launching Ams - AmsApplication] INFO  o.e.m.c.i.embedder.EclipseLogger - skip non existing resourceDirectory C:\Users\USER\Desktop\Formation\Ams\src\test\resources
2022-03-28 11:53:59,067 [Worker-22: Building] INFO  o.e.m.c.i.embedder.EclipseLogger - Using 'UTF-8' encoding to copy filtered resources.
2022-03-28 11:53:59,067 [Worker-22: Building] INFO  o.e.m.c.i.embedder.EclipseLogger - Using 'UTF-8' encoding to copy filtered properties files.
2022-03-28 11:53:59,067 [Worker-22: Building] INFO  o.e.m.c.i.embedder.EclipseLogger - Copying 0 resource
2022-03-28 11:53:59,067 [Worker-22: Building] INFO  o.e.m.c.i.embedder.EclipseLogger - Copying 1 resource
2022-03-28 11:53:59,071 [Worker-22: Building] INFO  o.e.m.c.i.embedder.EclipseLogger - Using 'UTF-8' encoding to copy filtered resources.
2022-03-28 11:53:59,071 [Worker-22: Building] INFO  o.e.m.c.i.embedder.EclipseLogger - Using 'UTF-8' encoding to copy filtered properties files.
2022-03-28 11:53:59,071 [Worker-22: Building] INFO  o.e.m.c.i.embedder.EclipseLogger - skip non existing resourceDirectory C:\Users\USER\Desktop\Formation\Ams\src\test\resources
2022-03-28 11:54:30,115 [Worker-23: Building] INFO  o.e.m.c.i.embedder.EclipseLogger - Using 'UTF-8' encoding to copy filtered resources.
2022-03-28 11:54:30,116 [Worker-23: Building] INFO  o.e.m.c.i.embedder.EclipseLogger - Using 'UTF-8' encoding to copy filtered properties files.
2022-03-28 11:54:30,116 [Worker-23: Building] INFO  o.e.m.c.i.embedder.EclipseLogger - Copying 0 resource
2022-03-28 11:54:30,117 [Worker-23: Building] INFO  o.e.m.c.i.embedder.EclipseLogger - Copying 1 resource
2022-03-28 11:54:30,122 [Worker-23: Building] INFO  o.e.m.c.i.embedder.EclipseLogger - Using 'UTF-8' encoding to copy filtered resources.
2022-03-28 11:54:30,122 [Worker-23: Building] INFO  o.e.m.c.i.embedder.EclipseLogger - Using 'UTF-8' encoding to copy filtered properties files.
2022-03-28 11:54:30,122 [Worker-23: Building] INFO  o.e.m.c.i.embedder.EclipseLogger - skip non existing resourceDirectory C:\Users\USER\Desktop\Formation\Ams\src\test\resources
2022-03-28 12:00:12,799 [Worker-27: Building] INFO  o.e.m.c.i.embedder.EclipseLogger - Using 'UTF-8' encoding to copy filtered resources.
2022-03-28 12:00:12,799 [Worker-27: Building] INFO  o.e.m.c.i.embedder.EclipseLogger - Using 'UTF-8' encoding to copy filtered properties files.
2022-03-28 12:00:12,799 [Worker-27: Building] INFO  o.e.m.c.i.embedder.EclipseLogger - Copying 0 resource
2022-03-28 12:00:12,800 [Worker-27: Building] INFO  o.e.m.c.i.embedder.EclipseLogger - Copying 1 resource
2022-03-28 12:00:12,807 [Worker-27: Building] INFO  o.e.m.c.i.embedder.EclipseLogger - Using 'UTF-8' encoding to copy filtered resources.
2022-03-28 12:00:12,807 [Worker-27: Building] INFO  o.e.m.c.i.embedder.EclipseLogger - Using 'UTF-8' encoding to copy filtered properties files.
2022-03-28 12:00:12,807 [Worker-27: Building] INFO  o.e.m.c.i.embedder.EclipseLogger - skip non existing resourceDirectory C:\Users\USER\Desktop\Formation\Ams\src\test\resources
2022-03-28 12:01:12,360 [Worker-27: Building] INFO  o.e.m.c.i.embedder.EclipseLogger - Using 'UTF-8' encoding to copy filtered resources.
2022-03-28 12:01:12,360 [Worker-27: Building] INFO  o.e.m.c.i.embedder.EclipseLogger - Using 'UTF-8' encoding to copy filtered properties files.
2022-03-28 12:01:12,361 [Worker-27: Building] INFO  o.e.m.c.i.embedder.EclipseLogger - Copying 0 resource
2022-03-28 12:01:12,361 [Worker-27: Building] INFO  o.e.m.c.i.embedder.EclipseLogger - Copying 1 resource
2022-03-28 12:01:12,364 [Worker-27: Building] INFO  o.e.m.c.i.embedder.EclipseLogger - Using 'UTF-8' encoding to copy filtered resources.
2022-03-28 12:01:12,365 [Worker-27: Building] INFO  o.e.m.c.i.embedder.EclipseLogger - Using 'UTF-8' encoding to copy filtered properties files.
2022-03-28 12:01:12,365 [Worker-27: Building] INFO  o.e.m.c.i.embedder.EclipseLogger - skip non existing resourceDirectory C:\Users\USER\Desktop\Formation\Ams\src\test\resources
2022-03-28 12:02:00,233 [Worker-23: Building] INFO  o.e.m.c.i.embedder.EclipseLogger - Using 'UTF-8' encoding to copy filtered resources.
2022-03-28 12:02:00,233 [Worker-23: Building] INFO  o.e.m.c.i.embedder.EclipseLogger - Using 'UTF-8' encoding to copy filtered properties files.
2022-03-28 12:02:00,234 [Worker-23: Building] INFO  o.e.m.c.i.embedder.EclipseLogger - Copying 0 resource
2022-03-28 12:02:00,235 [Worker-23: Building] INFO  o.e.m.c.i.embedder.EclipseLogger - Copying 1 resource
2022-03-28 12:02:00,240 [Worker-23: Building] INFO  o.e.m.c.i.embedder.EclipseLogger - Using 'UTF-8' encoding to copy filtered resources.
2022-03-28 12:02:00,240 [Worker-23: Building] INFO  o.e.m.c.i.embedder.EclipseLogger - Using 'UTF-8' encoding to copy filtered properties files.
2022-03-28 12:02:00,240 [Worker-23: Building] INFO  o.e.m.c.i.embedder.EclipseLogger - skip non existing resourceDirectory C:\Users\USER\Desktop\Formation\Ams\src\test\resources
2022-03-28 12:03:47,721 [Worker-27: Launching Ams - AmsApplication] INFO  o.e.m.c.i.embedder.EclipseLogger - Using 'UTF-8' encoding to copy filtered resources.
2022-03-28 12:03:47,722 [Worker-27: Launching Ams - AmsApplication] INFO  o.e.m.c.i.embedder.EclipseLogger - Using 'UTF-8' encoding to copy filtered properties files.
2022-03-28 12:03:47,723 [Worker-27: Launching Ams - AmsApplication] INFO  o.e.m.c.i.embedder.EclipseLogger - Copying 1 resource
2022-03-28 12:03:47,730 [Worker-27: Launching Ams - AmsApplication] INFO  o.e.m.c.i.embedder.EclipseLogger - Copying 2 resources
2022-03-28 12:03:47,734 [Worker-27: Launching Ams - AmsApplication] INFO  o.e.m.c.i.embedder.EclipseLogger - Using 'UTF-8' encoding to copy filtered resources.
2022-03-28 12:03:47,734 [Worker-27: Launching Ams - AmsApplication] INFO  o.e.m.c.i.embedder.EclipseLogger - Using 'UTF-8' encoding to copy filtered properties files.
2022-03-28 12:03:47,734 [Worker-27: Launching Ams - AmsApplication] INFO  o.e.m.c.i.embedder.EclipseLogger - skip non existing resourceDirectory C:\Users\USER\Desktop\Formation\Ams\src\test\resources
2022-03-28 12:05:14,717 [Worker-30: Building] INFO  o.e.m.c.i.embedder.EclipseLogger - Using 'UTF-8' encoding to copy filtered resources.
2022-03-28 12:05:14,717 [Worker-30: Building] INFO  o.e.m.c.i.embedder.EclipseLogger - Using 'UTF-8' encoding to copy filtered properties files.
2022-03-28 12:05:14,717 [Worker-30: Building] INFO  o.e.m.c.i.embedder.EclipseLogger - Copying 0 resource
2022-03-28 12:05:14,717 [Worker-30: Building] INFO  o.e.m.c.i.embedder.EclipseLogger - Copying 1 resource
2022-03-28 12:05:14,721 [Worker-30: Building] INFO  o.e.m.c.i.embedder.EclipseLogger - Using 'UTF-8' encoding to copy filtered resources.
2022-03-28 12:05:14,721 [Worker-30: Building] INFO  o.e.m.c.i.embedder.EclipseLogger - Using 'UTF-8' encoding to copy filtered properties files.
2022-03-28 12:05:14,721 [Worker-30: Building] INFO  o.e.m.c.i.embedder.EclipseLogger - skip non existing resourceDirectory C:\Users\USER\Desktop\Formation\Ams\src\test\resources
2022-03-28 12:13:18,411 [Worker-34: Launching Ams - AmsApplication] INFO  o.e.m.c.i.embedder.EclipseLogger - Using 'UTF-8' encoding to copy filtered resources.
2022-03-28 12:13:18,412 [Worker-34: Launching Ams - AmsApplication] INFO  o.e.m.c.i.embedder.EclipseLogger - Using 'UTF-8' encoding to copy filtered properties files.
2022-03-28 12:13:18,412 [Worker-34: Launching Ams - AmsApplication] INFO  o.e.m.c.i.embedder.EclipseLogger - Copying 1 resource
2022-03-28 12:13:18,419 [Worker-34: Launching Ams - AmsApplication] INFO  o.e.m.c.i.embedder.EclipseLogger - Copying 2 resources
2022-03-28 12:13:18,421 [Worker-34: Launching Ams - AmsApplication] INFO  o.e.m.c.i.embedder.EclipseLogger - Using 'UTF-8' encoding to copy filtered resources.
2022-03-28 12:13:18,421 [Worker-34: Launching Ams - AmsApplication] INFO  o.e.m.c.i.embedder.EclipseLogger - Using 'UTF-8' encoding to copy filtered properties files.
2022-03-28 12:13:18,421 [Worker-34: Launching Ams - AmsApplication] INFO  o.e.m.c.i.embedder.EclipseLogger - skip non existing resourceDirectory C:\Users\USER\Desktop\Formation\Ams\src\test\resources
2022-03-28 12:18:51,234 [Worker-34: Launching Ams - AmsApplication] INFO  o.e.m.c.i.embedder.EclipseLogger - Using 'UTF-8' encoding to copy filtered resources.
2022-03-28 12:18:51,234 [Worker-34: Launching Ams - AmsApplication] INFO  o.e.m.c.i.embedder.EclipseLogger - Using 'UTF-8' encoding to copy filtered properties files.
2022-03-28 12:18:51,234 [Worker-34: Launching Ams - AmsApplication] INFO  o.e.m.c.i.embedder.EclipseLogger - Copying 0 resource
2022-03-28 12:18:51,235 [Worker-34: Launching Ams - AmsApplication] INFO  o.e.m.c.i.embedder.EclipseLogger - Copying 1 resource
2022-03-28 12:18:51,239 [Worker-34: Launching Ams - AmsApplication] INFO  o.e.m.c.i.embedder.EclipseLogger - Using 'UTF-8' encoding to copy filtered resources.
2022-03-28 12:18:51,239 [Worker-34: Launching Ams - AmsApplication] INFO  o.e.m.c.i.embedder.EclipseLogger - Using 'UTF-8' encoding to copy filtered properties files.
2022-03-28 12:18:51,239 [Worker-34: Launching Ams - AmsApplication] INFO  o.e.m.c.i.embedder.EclipseLogger - skip non existing resourceDirectory C:\Users\USER\Desktop\Formation\Ams\src\test\resources
2022-03-28 12:24:18,715 [Worker-35: Building] INFO  o.e.m.c.i.embedder.EclipseLogger - Using 'UTF-8' encoding to copy filtered resources.
2022-03-28 12:24:18,715 [Worker-35: Building] INFO  o.e.m.c.i.embedder.EclipseLogger - Using 'UTF-8' encoding to copy filtered properties files.
2022-03-28 12:24:18,716 [Worker-35: Building] INFO  o.e.m.c.i.embedder.EclipseLogger - Copying 1 resource
2022-03-28 12:24:18,729 [Worker-35: Building] INFO  o.e.m.c.i.embedder.EclipseLogger - Copying 2 resources
2022-03-28 12:24:18,732 [Worker-35: Building] INFO  o.e.m.c.i.embedder.EclipseLogger - Using 'UTF-8' encoding to copy filtered resources.
2022-03-28 12:24:18,732 [Worker-35: Building] INFO  o.e.m.c.i.embedder.EclipseLogger - Using 'UTF-8' encoding to copy filtered properties files.
2022-03-28 12:24:18,732 [Worker-35: Building] INFO  o.e.m.c.i.embedder.EclipseLogger - skip non existing resourceDirectory C:\Users\USER\Desktop\Formation\Ams\src\test\resources
2022-03-28 12:24:46,566 [Worker-32: Building] INFO  o.e.m.c.i.embedder.EclipseLogger - Using 'UTF-8' encoding to copy filtered resources.
2022-03-28 12:24:46,566 [Worker-32: Building] INFO  o.e.m.c.i.embedder.EclipseLogger - Using 'UTF-8' encoding to copy filtered properties files.
2022-03-28 12:24:46,568 [Worker-32: Building] INFO  o.e.m.c.i.embedder.EclipseLogger - Copying 1 resource
2022-03-28 12:24:46,575 [Worker-32: Building] INFO  o.e.m.c.i.embedder.EclipseLogger - Copying 2 resources
2022-03-28 12:24:46,578 [Worker-32: Building] INFO  o.e.m.c.i.embedder.EclipseLogger - Using 'UTF-8' encoding to copy filtered resources.
2022-03-28 12:24:46,579 [Worker-32: Building] INFO  o.e.m.c.i.embedder.EclipseLogger - Using 'UTF-8' encoding to copy filtered properties files.
2022-03-28 12:24:46,579 [Worker-32: Building] INFO  o.e.m.c.i.embedder.EclipseLogger - skip non existing resourceDirectory C:\Users\USER\Desktop\Formation\Ams\src\test\resources
2022-03-28 12:29:09,910 [Worker-35: Building] INFO  o.e.m.c.i.embedder.EclipseLogger - Using 'UTF-8' encoding to copy filtered resources.
2022-03-28 12:29:09,910 [Worker-35: Building] INFO  o.e.m.c.i.embedder.EclipseLogger - Using 'UTF-8' encoding to copy filtered properties files.
2022-03-28 12:29:09,911 [Worker-35: Building] INFO  o.e.m.c.i.embedder.EclipseLogger - Copying 1 resource
2022-03-28 12:29:09,919 [Worker-35: Building] INFO  o.e.m.c.i.embedder.EclipseLogger - Copying 2 resources
2022-03-28 12:29:09,921 [Worker-35: Building] INFO  o.e.m.c.i.embedder.EclipseLogger - Using 'UTF-8' encoding to copy filtered resources.
2022-03-28 12:29:09,921 [Worker-35: Building] INFO  o.e.m.c.i.embedder.EclipseLogger - Using 'UTF-8' encoding to copy filtered properties files.
2022-03-28 12:29:09,921 [Worker-35: Building] INFO  o.e.m.c.i.embedder.EclipseLogger - skip non existing resourceDirectory C:\Users\USER\Desktop\Formation\Ams\src\test\resources
2022-03-28 12:29:30,129 [Worker-38: Building] INFO  o.e.m.c.i.embedder.EclipseLogger - Using 'UTF-8' encoding to copy filtered resources.
2022-03-28 12:29:30,129 [Worker-38: Building] INFO  o.e.m.c.i.embedder.EclipseLogger - Using 'UTF-8' encoding to copy filtered properties files.
2022-03-28 12:29:30,131 [Worker-38: Building] INFO  o.e.m.c.i.embedder.EclipseLogger - Copying 1 resource
2022-03-28 12:29:30,133 [Worker-38: Building] INFO  o.e.m.c.i.embedder.EclipseLogger - Copying 2 resources
2022-03-28 12:29:30,139 [Worker-38: Building] INFO  o.e.m.c.i.embedder.EclipseLogger - Using 'UTF-8' encoding to copy filtered resources.
2022-03-28 12:29:30,140 [Worker-38: Building] INFO  o.e.m.c.i.embedder.EclipseLogger - Using 'UTF-8' encoding to copy filtered properties files.
2022-03-28 12:29:30,140 [Worker-38: Building] INFO  o.e.m.c.i.embedder.EclipseLogger - skip non existing resourceDirectory C:\Users\USER\Desktop\Formation\Ams\src\test\resources
2022-03-28 12:37:23,227 [Worker-39: Building] INFO  o.e.m.c.i.embedder.EclipseLogger - Using 'UTF-8' encoding to copy filtered resources.
2022-03-28 12:37:23,227 [Worker-39: Building] INFO  o.e.m.c.i.embedder.EclipseLogger - Using 'UTF-8' encoding to copy filtered properties files.
2022-03-28 12:37:23,228 [Worker-39: Building] INFO  o.e.m.c.i.embedder.EclipseLogger - Copying 1 resource
2022-03-28 12:37:23,236 [Worker-39: Building] INFO  o.e.m.c.i.embedder.EclipseLogger - Copying 2 resources
2022-03-28 12:37:23,238 [Worker-39: Building] INFO  o.e.m.c.i.embedder.EclipseLogger - Using 'UTF-8' encoding to copy filtered resources.
2022-03-28 12:37:23,238 [Worker-39: Building] INFO  o.e.m.c.i.embedder.EclipseLogger - Using 'UTF-8' encoding to copy filtered properties files.
2022-03-28 12:37:23,238 [Worker-39: Building] INFO  o.e.m.c.i.embedder.EclipseLogger - skip non existing resourceDirectory C:\Users\USER\Desktop\Formation\Ams\src\test\resources
2022-03-28 12:47:16,431 [Worker-39: Launching Ams - AmsApplication] INFO  o.e.m.c.i.embedder.EclipseLogger - Using 'UTF-8' encoding to copy filtered resources.
2022-03-28 12:47:16,432 [Worker-39: Launching Ams - AmsApplication] INFO  o.e.m.c.i.embedder.EclipseLogger - Using 'UTF-8' encoding to copy filtered properties files.
2022-03-28 12:47:16,433 [Worker-39: Launching Ams - AmsApplication] INFO  o.e.m.c.i.embedder.EclipseLogger - Copying 1 resource
2022-03-28 12:47:16,438 [Worker-39: Launching Ams - AmsApplication] INFO  o.e.m.c.i.embedder.EclipseLogger - Copying 2 resources
2022-03-28 12:47:16,440 [Worker-39: Launching Ams - AmsApplication] INFO  o.e.m.c.i.embedder.EclipseLogger - Using 'UTF-8' encoding to copy filtered resources.
2022-03-28 12:47:16,440 [Worker-39: Launching Ams - AmsApplication] INFO  o.e.m.c.i.embedder.EclipseLogger - Using 'UTF-8' encoding to copy filtered properties files.
2022-03-28 12:47:16,440 [Worker-39: Launching Ams - AmsApplication] INFO  o.e.m.c.i.embedder.EclipseLogger - skip non existing resourceDirectory C:\Users\USER\Desktop\Formation\Ams\src\test\resources
2022-03-28 12:49:54,174 [Worker-41: Building] INFO  o.e.m.c.i.embedder.EclipseLogger - Using 'UTF-8' encoding to copy filtered resources.
2022-03-28 12:49:54,174 [Worker-41: Building] INFO  o.e.m.c.i.embedder.EclipseLogger - Using 'UTF-8' encoding to copy filtered properties files.
2022-03-28 12:49:54,176 [Worker-41: Building] INFO  o.e.m.c.i.embedder.EclipseLogger - Copying 1 resource
2022-03-28 12:49:54,192 [Worker-41: Building] INFO  o.e.m.c.i.embedder.EclipseLogger - Copying 2 resources
2022-03-28 12:49:54,194 [Worker-41: Building] INFO  o.e.m.c.i.embedder.EclipseLogger - Using 'UTF-8' encoding to copy filtered resources.
2022-03-28 12:49:54,194 [Worker-41: Building] INFO  o.e.m.c.i.embedder.EclipseLogger - Using 'UTF-8' encoding to copy filtered properties files.
2022-03-28 12:49:54,194 [Worker-41: Building] INFO  o.e.m.c.i.embedder.EclipseLogger - skip non existing resourceDirectory C:\Users\USER\Desktop\Formation\Ams\src\test\resources
2022-03-28 12:50:46,934 [Worker-39: Building] INFO  o.e.m.c.i.embedder.EclipseLogger - Using 'UTF-8' encoding to copy filtered resources.
2022-03-28 12:50:46,935 [Worker-39: Building] INFO  o.e.m.c.i.embedder.EclipseLogger - Using 'UTF-8' encoding to copy filtered properties files.
2022-03-28 12:50:46,935 [Worker-39: Building] INFO  o.e.m.c.i.embedder.EclipseLogger - Copying 0 resource
2022-03-28 12:50:46,935 [Worker-39: Building] INFO  o.e.m.c.i.embedder.EclipseLogger - Copying 1 resource
2022-03-28 12:50:46,952 [Worker-39: Building] INFO  o.e.m.c.i.embedder.EclipseLogger - Using 'UTF-8' encoding to copy filtered resources.
2022-03-28 12:50:46,952 [Worker-39: Building] INFO  o.e.m.c.i.embedder.EclipseLogger - Using 'UTF-8' encoding to copy filtered properties files.
2022-03-28 12:50:46,952 [Worker-39: Building] INFO  o.e.m.c.i.embedder.EclipseLogger - skip non existing resourceDirectory C:\Users\USER\Desktop\Formation\Ams\src\test\resources
2022-03-28 12:51:44,032 [Worker-41: Launching Ams - AmsApplication] INFO  o.e.m.c.i.embedder.EclipseLogger - Using 'UTF-8' encoding to copy filtered resources.
2022-03-28 12:51:44,033 [Worker-41: Launching Ams - AmsApplication] INFO  o.e.m.c.i.embedder.EclipseLogger - Using 'UTF-8' encoding to copy filtered properties files.
2022-03-28 12:51:44,033 [Worker-41: Launching Ams - AmsApplication] INFO  o.e.m.c.i.embedder.EclipseLogger - Copying 0 resource
2022-03-28 12:51:44,033 [Worker-41: Launching Ams - AmsApplication] INFO  o.e.m.c.i.embedder.EclipseLogger - Copying 1 resource
2022-03-28 12:51:44,040 [Worker-41: Launching Ams - AmsApplication] INFO  o.e.m.c.i.embedder.EclipseLogger - Using 'UTF-8' encoding to copy filtered resources.
2022-03-28 12:51:44,040 [Worker-41: Launching Ams - AmsApplication] INFO  o.e.m.c.i.embedder.EclipseLogger - Using 'UTF-8' encoding to copy filtered properties files.
2022-03-28 12:51:44,040 [Worker-41: Launching Ams - AmsApplication] INFO  o.e.m.c.i.embedder.EclipseLogger - skip non existing resourceDirectory C:\Users\USER\Desktop\Formation\Ams\src\test\resources
2022-03-28 12:53:00,654 [Worker-43: Launching Ams - AmsApplication] INFO  o.e.m.c.i.embedder.EclipseLogger - Using 'UTF-8' encoding to copy filtered resources.
2022-03-28 12:53:00,654 [Worker-43: Launching Ams - AmsApplication] INFO  o.e.m.c.i.embedder.EclipseLogger - Using 'UTF-8' encoding to copy filtered properties files.
2022-03-28 12:53:00,656 [Worker-43: Launching Ams - AmsApplication] INFO  o.e.m.c.i.embedder.EclipseLogger - Copying 1 resource
2022-03-28 12:53:00,668 [Worker-43: Launching Ams - AmsApplication] INFO  o.e.m.c.i.embedder.EclipseLogger - Copying 3 resources
2022-03-28 12:53:00,670 [Worker-43: Launching Ams - AmsApplication] INFO  o.e.m.c.i.embedder.EclipseLogger - Using 'UTF-8' encoding to copy filtered resources.
2022-03-28 12:53:00,670 [Worker-43: Launching Ams - AmsApplication] INFO  o.e.m.c.i.embedder.EclipseLogger - Using 'UTF-8' encoding to copy filtered properties files.
2022-03-28 12:53:00,670 [Worker-43: Launching Ams - AmsApplication] INFO  o.e.m.c.i.embedder.EclipseLogger - skip non existing resourceDirectory C:\Users\USER\Desktop\Formation\Ams\src\test\resources
2022-03-28 12:57:54,348 [Worker-40: Building] INFO  o.e.m.c.i.embedder.EclipseLogger - Using 'UTF-8' encoding to copy filtered resources.
2022-03-28 12:57:54,348 [Worker-40: Building] INFO  o.e.m.c.i.embedder.EclipseLogger - Using 'UTF-8' encoding to copy filtered properties files.
2022-03-28 12:57:54,350 [Worker-40: Building] INFO  o.e.m.c.i.embedder.EclipseLogger - Copying 1 resource
2022-03-28 12:57:54,356 [Worker-40: Building] INFO  o.e.m.c.i.embedder.EclipseLogger - Copying 3 resources
2022-03-28 12:57:54,358 [Worker-40: Building] INFO  o.e.m.c.i.embedder.EclipseLogger - Using 'UTF-8' encoding to copy filtered resources.
2022-03-28 12:57:54,358 [Worker-40: Building] INFO  o.e.m.c.i.embedder.EclipseLogger - Using 'UTF-8' encoding to copy filtered properties files.
2022-03-28 12:57:54,358 [Worker-40: Building] INFO  o.e.m.c.i.embedder.EclipseLogger - skip non existing resourceDirectory C:\Users\USER\Desktop\Formation\Ams\src\test\resources
2022-03-28 12:59:59,881 [Worker-43: Launching Ams - AmsApplication] INFO  o.e.m.c.i.embedder.EclipseLogger - Using 'UTF-8' encoding to copy filtered resources.
2022-03-28 12:59:59,881 [Worker-43: Launching Ams - AmsApplication] INFO  o.e.m.c.i.embedder.EclipseLogger - Using 'UTF-8' encoding to copy filtered properties files.
2022-03-28 12:59:59,883 [Worker-43: Launching Ams - AmsApplication] INFO  o.e.m.c.i.embedder.EclipseLogger - Copying 1 resource
2022-03-28 12:59:59,887 [Worker-43: Launching Ams - AmsApplication] INFO  o.e.m.c.i.embedder.EclipseLogger - Copying 3 resources
2022-03-28 12:59:59,890 [Worker-43: Launching Ams - AmsApplication] INFO  o.e.m.c.i.embedder.EclipseLogger - Using 'UTF-8' encoding to copy filtered resources.
2022-03-28 12:59:59,890 [Worker-43: Launching Ams - AmsApplication] INFO  o.e.m.c.i.embedder.EclipseLogger - Using 'UTF-8' encoding to copy filtered properties files.
2022-03-28 12:59:59,890 [Worker-43: Launching Ams - AmsApplication] INFO  o.e.m.c.i.embedder.EclipseLogger - skip non existing resourceDirectory C:\Users\USER\Desktop\Formation\Ams\src\test\resources
2022-03-28 13:03:58,539 [Worker-35: Building] INFO  o.e.m.c.i.embedder.EclipseLogger - Using 'UTF-8' encoding to copy filtered resources.
2022-03-28 13:03:58,539 [Worker-35: Building] INFO  o.e.m.c.i.embedder.EclipseLogger - Using 'UTF-8' encoding to copy filtered properties files.
2022-03-28 13:03:58,541 [Worker-35: Building] INFO  o.e.m.c.i.embedder.EclipseLogger - Copying 1 resource
2022-03-28 13:03:58,547 [Worker-35: Building] INFO  o.e.m.c.i.embedder.EclipseLogger - Copying 3 resources
2022-03-28 13:03:58,550 [Worker-35: Building] INFO  o.e.m.c.i.embedder.EclipseLogger - Using 'UTF-8' encoding to copy filtered resources.
2022-03-28 13:03:58,550 [Worker-35: Building] INFO  o.e.m.c.i.embedder.EclipseLogger - Using 'UTF-8' encoding to copy filtered properties files.
2022-03-28 13:03:58,550 [Worker-35: Building] INFO  o.e.m.c.i.embedder.EclipseLogger - skip non existing resourceDirectory C:\Users\USER\Desktop\Formation\Ams\src\test\resources
2022-03-28 13:16:24,008 [Worker-39: Launching Ams - AmsApplication] INFO  o.e.m.c.i.embedder.EclipseLogger - Using 'UTF-8' encoding to copy filtered resources.
2022-03-28 13:16:24,008 [Worker-39: Launching Ams - AmsApplication] INFO  o.e.m.c.i.embedder.EclipseLogger - Using 'UTF-8' encoding to copy filtered properties files.
2022-03-28 13:16:24,010 [Worker-39: Launching Ams - AmsApplication] INFO  o.e.m.c.i.embedder.EclipseLogger - Copying 1 resource
2022-03-28 13:16:24,016 [Worker-39: Launching Ams - AmsApplication] INFO  o.e.m.c.i.embedder.EclipseLogger - Copying 3 resources
2022-03-28 13:16:24,021 [Worker-39: Launching Ams - AmsApplication] INFO  o.e.m.c.i.embedder.EclipseLogger - Using 'UTF-8' encoding to copy filtered resources.
2022-03-28 13:16:24,021 [Worker-39: Launching Ams - AmsApplication] INFO  o.e.m.c.i.embedder.EclipseLogger - Using 'UTF-8' encoding to copy filtered properties files.
2022-03-28 13:16:24,021 [Worker-39: Launching Ams - AmsApplication] INFO  o.e.m.c.i.embedder.EclipseLogger - skip non existing resourceDirectory C:\Users\USER\Desktop\Formation\Ams\src\test\resources
2022-03-28 13:18:00,510 [Worker-41: Building] INFO  o.e.m.c.i.embedder.EclipseLogger - Using 'UTF-8' encoding to copy filtered resources.
2022-03-28 13:18:00,510 [Worker-41: Building] INFO  o.e.m.c.i.embedder.EclipseLogger - Using 'UTF-8' encoding to copy filtered properties files.
2022-03-28 13:18:00,510 [Worker-41: Building] INFO  o.e.m.c.i.embedder.EclipseLogger - Copying 0 resource
2022-03-28 13:18:00,511 [Worker-41: Building] INFO  o.e.m.c.i.embedder.EclipseLogger - Copying 1 resource
2022-03-28 13:18:00,516 [Worker-41: Building] INFO  o.e.m.c.i.embedder.EclipseLogger - Using 'UTF-8' encoding to copy filtered resources.
2022-03-28 13:18:00,516 [Worker-41: Building] INFO  o.e.m.c.i.embedder.EclipseLogger - Using 'UTF-8' encoding to copy filtered properties files.
2022-03-28 13:18:00,516 [Worker-41: Building] INFO  o.e.m.c.i.embedder.EclipseLogger - skip non existing resourceDirectory C:\Users\USER\Desktop\Formation\Ams\src\test\resources
2022-03-28 13:18:44,007 [Worker-44: Building] INFO  o.e.m.c.i.embedder.EclipseLogger - Using 'UTF-8' encoding to copy filtered resources.
2022-03-28 13:18:44,007 [Worker-44: Building] INFO  o.e.m.c.i.embedder.EclipseLogger - Using 'UTF-8' encoding to copy filtered properties files.
2022-03-28 13:18:44,007 [Worker-44: Building] INFO  o.e.m.c.i.embedder.EclipseLogger - Copying 0 resource
2022-03-28 13:18:44,008 [Worker-44: Building] INFO  o.e.m.c.i.embedder.EclipseLogger - Copying 1 resource
2022-03-28 13:18:44,012 [Worker-44: Building] INFO  o.e.m.c.i.embedder.EclipseLogger - Using 'UTF-8' encoding to copy filtered resources.
2022-03-28 13:18:44,012 [Worker-44: Building] INFO  o.e.m.c.i.embedder.EclipseLogger - Using 'UTF-8' encoding to copy filtered properties files.
2022-03-28 13:18:44,012 [Worker-44: Building] INFO  o.e.m.c.i.embedder.EclipseLogger - skip non existing resourceDirectory C:\Users\USER\Desktop\Formation\Ams\src\test\resources
2022-03-28 13:20:38,442 [Worker-39: Building] INFO  o.e.m.c.i.embedder.EclipseLogger - Using 'UTF-8' encoding to copy filtered resources.
2022-03-28 13:20:38,442 [Worker-39: Building] INFO  o.e.m.c.i.embedder.EclipseLogger - Using 'UTF-8' encoding to copy filtered properties files.
2022-03-28 13:20:38,443 [Worker-39: Building] INFO  o.e.m.c.i.embedder.EclipseLogger - Copying 1 resource
2022-03-28 13:20:38,450 [Worker-39: Building] INFO  o.e.m.c.i.embedder.EclipseLogger - Copying 3 resources
2022-03-28 13:20:38,452 [Worker-39: Building] INFO  o.e.m.c.i.embedder.EclipseLogger - Using 'UTF-8' encoding to copy filtered resources.
2022-03-28 13:20:38,452 [Worker-39: Building] INFO  o.e.m.c.i.embedder.EclipseLogger - Using 'UTF-8' encoding to copy filtered properties files.
2022-03-28 13:20:38,452 [Worker-39: Building] INFO  o.e.m.c.i.embedder.EclipseLogger - skip non existing resourceDirectory C:\Users\USER\Desktop\Formation\Ams\src\test\resources
2022-03-28 13:22:50,357 [Worker-42: Launching Ams - AmsApplication] INFO  o.e.m.c.i.embedder.EclipseLogger - Using 'UTF-8' encoding to copy filtered resources.
2022-03-28 13:22:50,357 [Worker-42: Launching Ams - AmsApplication] INFO  o.e.m.c.i.embedder.EclipseLogger - Using 'UTF-8' encoding to copy filtered properties files.
2022-03-28 13:22:50,358 [Worker-42: Launching Ams - AmsApplication] INFO  o.e.m.c.i.embedder.EclipseLogger - Copying 1 resource
2022-03-28 13:22:50,364 [Worker-42: Launching Ams - AmsApplication] INFO  o.e.m.c.i.embedder.EclipseLogger - Copying 3 resources
2022-03-28 13:22:50,367 [Worker-42: Launching Ams - AmsApplication] INFO  o.e.m.c.i.embedder.EclipseLogger - Using 'UTF-8' encoding to copy filtered resources.
2022-03-28 13:22:50,367 [Worker-42: Launching Ams - AmsApplication] INFO  o.e.m.c.i.embedder.EclipseLogger - Using 'UTF-8' encoding to copy filtered properties files.
2022-03-28 13:22:50,367 [Worker-42: Launching Ams - AmsApplication] INFO  o.e.m.c.i.embedder.EclipseLogger - skip non existing resourceDirectory C:\Users\USER\Desktop\Formation\Ams\src\test\resources
2022-03-28 13:24:01,444 [Worker-42: Building] INFO  o.e.m.c.i.embedder.EclipseLogger - Using 'UTF-8' encoding to copy filtered resources.
2022-03-28 13:24:01,444 [Worker-42: Building] INFO  o.e.m.c.i.embedder.EclipseLogger - Using 'UTF-8' encoding to copy filtered properties files.
2022-03-28 13:24:01,445 [Worker-42: Building] INFO  o.e.m.c.i.embedder.EclipseLogger - Copying 0 resource
2022-03-28 13:24:01,445 [Worker-42: Building] INFO  o.e.m.c.i.embedder.EclipseLogger - Copying 1 resource
2022-03-28 13:24:01,451 [Worker-42: Building] INFO  o.e.m.c.i.embedder.EclipseLogger - Using 'UTF-8' encoding to copy filtered resources.
2022-03-28 13:24:01,451 [Worker-42: Building] INFO  o.e.m.c.i.embedder.EclipseLogger - Using 'UTF-8' encoding to copy filtered properties files.
2022-03-28 13:24:01,451 [Worker-42: Building] INFO  o.e.m.c.i.embedder.EclipseLogger - skip non existing resourceDirectory C:\Users\USER\Desktop\Formation\Ams\src\test\resources
2022-03-28 13:27:22,254 [Worker-42: Launching Ams - AmsApplication] INFO  o.e.m.c.i.embedder.EclipseLogger - Using 'UTF-8' encoding to copy filtered resources.
2022-03-28 13:27:22,254 [Worker-42: Launching Ams - AmsApplication] INFO  o.e.m.c.i.embedder.EclipseLogger - Using 'UTF-8' encoding to copy filtered properties files.
2022-03-28 13:27:22,254 [Worker-42: Launching Ams - AmsApplication] INFO  o.e.m.c.i.embedder.EclipseLogger - Copying 0 resource
2022-03-28 13:27:22,255 [Worker-42: Launching Ams - AmsApplication] INFO  o.e.m.c.i.embedder.EclipseLogger - Copying 1 resource
2022-03-28 13:27:22,258 [Worker-42: Launching Ams - AmsApplication] INFO  o.e.m.c.i.embedder.EclipseLogger - Using 'UTF-8' encoding to copy filtered resources.
2022-03-28 13:27:22,259 [Worker-42: Launching Ams - AmsApplication] INFO  o.e.m.c.i.embedder.EclipseLogger - Using 'UTF-8' encoding to copy filtered properties files.
2022-03-28 13:27:22,259 [Worker-42: Launching Ams - AmsApplication] INFO  o.e.m.c.i.embedder.EclipseLogger - skip non existing resourceDirectory C:\Users\USER\Desktop\Formation\Ams\src\test\resources
2022-03-28 13:30:17,386 [Worker-42: Launching Ams - AmsApplication] INFO  o.e.m.c.i.embedder.EclipseLogger - Using 'UTF-8' encoding to copy filtered resources.
2022-03-28 13:30:17,386 [Worker-42: Launching Ams - AmsApplication] INFO  o.e.m.c.i.embedder.EclipseLogger - Using 'UTF-8' encoding to copy filtered properties files.
2022-03-28 13:30:17,388 [Worker-42: Launching Ams - AmsApplication] INFO  o.e.m.c.i.embedder.EclipseLogger - Copying 1 resource
2022-03-28 13:30:17,394 [Worker-42: Launching Ams - AmsApplication] INFO  o.e.m.c.i.embedder.EclipseLogger - Copying 3 resources
2022-03-28 13:30:17,397 [Worker-42: Launching Ams - AmsApplication] INFO  o.e.m.c.i.embedder.EclipseLogger - Using 'UTF-8' encoding to copy filtered resources.
2022-03-28 13:30:17,397 [Worker-42: Launching Ams - AmsApplication] INFO  o.e.m.c.i.embedder.EclipseLogger - Using 'UTF-8' encoding to copy filtered properties files.
2022-03-28 13:30:17,397 [Worker-42: Launching Ams - AmsApplication] INFO  o.e.m.c.i.embedder.EclipseLogger - skip non existing resourceDirectory C:\Users\USER\Desktop\Formation\Ams\src\test\resources
2022-03-28 14:37:26,340 [Worker-50: Launching Ams - AmsApplication] INFO  o.e.m.c.i.embedder.EclipseLogger - Using 'UTF-8' encoding to copy filtered resources.
2022-03-28 14:37:26,341 [Worker-50: Launching Ams - AmsApplication] INFO  o.e.m.c.i.embedder.EclipseLogger - Using 'UTF-8' encoding to copy filtered properties files.
2022-03-28 14:37:26,342 [Worker-50: Launching Ams - AmsApplication] INFO  o.e.m.c.i.embedder.EclipseLogger - Copying 1 resource
2022-03-28 14:37:26,360 [Worker-50: Launching Ams - AmsApplication] INFO  o.e.m.c.i.embedder.EclipseLogger - Copying 3 resources
2022-03-28 14:37:26,364 [Worker-50: Launching Ams - AmsApplication] INFO  o.e.m.c.i.embedder.EclipseLogger - Using 'UTF-8' encoding to copy filtered resources.
2022-03-28 14:37:26,364 [Worker-50: Launching Ams - AmsApplication] INFO  o.e.m.c.i.embedder.EclipseLogger - Using 'UTF-8' encoding to copy filtered properties files.
2022-03-28 14:37:26,364 [Worker-50: Launching Ams - AmsApplication] INFO  o.e.m.c.i.embedder.EclipseLogger - skip non existing resourceDirectory C:\Users\USER\Desktop\Formation\Ams\src\test\resources
2022-03-28 14:38:28,216 [Worker-54: Launching Ams - AmsApplication] INFO  o.e.m.c.i.embedder.EclipseLogger - Using 'UTF-8' encoding to copy filtered resources.
2022-03-28 14:38:28,217 [Worker-54: Launching Ams - AmsApplication] INFO  o.e.m.c.i.embedder.EclipseLogger - Using 'UTF-8' encoding to copy filtered properties files.
2022-03-28 14:38:28,217 [Worker-54: Launching Ams - AmsApplication] INFO  o.e.m.c.i.embedder.EclipseLogger - Copying 0 resource
2022-03-28 14:38:28,217 [Worker-54: Launching Ams - AmsApplication] INFO  o.e.m.c.i.embedder.EclipseLogger - Copying 1 resource
2022-03-28 14:38:28,222 [Worker-54: Launching Ams - AmsApplication] INFO  o.e.m.c.i.embedder.EclipseLogger - Using 'UTF-8' encoding to copy filtered resources.
2022-03-28 14:38:28,222 [Worker-54: Launching Ams - AmsApplication] INFO  o.e.m.c.i.embedder.EclipseLogger - Using 'UTF-8' encoding to copy filtered properties files.
2022-03-28 14:38:28,222 [Worker-54: Launching Ams - AmsApplication] INFO  o.e.m.c.i.embedder.EclipseLogger - skip non existing resourceDirectory C:\Users\USER\Desktop\Formation\Ams\src\test\resources
2022-03-28 14:39:57,902 [Worker-57: Building] INFO  o.e.m.c.i.embedder.EclipseLogger - Using 'UTF-8' encoding to copy filtered resources.
2022-03-28 14:39:57,902 [Worker-57: Building] INFO  o.e.m.c.i.embedder.EclipseLogger - Using 'UTF-8' encoding to copy filtered properties files.
2022-03-28 14:39:57,904 [Worker-57: Building] INFO  o.e.m.c.i.embedder.EclipseLogger - Copying 1 resource
2022-03-28 14:39:57,908 [Worker-57: Building] INFO  o.e.m.c.i.embedder.EclipseLogger - Copying 3 resources
2022-03-28 14:39:57,911 [Worker-57: Building] INFO  o.e.m.c.i.embedder.EclipseLogger - Using 'UTF-8' encoding to copy filtered resources.
2022-03-28 14:39:57,911 [Worker-57: Building] INFO  o.e.m.c.i.embedder.EclipseLogger - Using 'UTF-8' encoding to copy filtered properties files.
2022-03-28 14:39:57,911 [Worker-57: Building] INFO  o.e.m.c.i.embedder.EclipseLogger - skip non existing resourceDirectory C:\Users\USER\Desktop\Formation\Ams\src\test\resources
2022-03-28 14:40:02,445 [Worker-54: Launching Ams - AmsApplication] INFO  o.e.m.c.i.embedder.EclipseLogger - Using 'UTF-8' encoding to copy filtered resources.
2022-03-28 14:40:02,445 [Worker-54: Launching Ams - AmsApplication] INFO  o.e.m.c.i.embedder.EclipseLogger - Using 'UTF-8' encoding to copy filtered properties files.
2022-03-28 14:40:02,446 [Worker-54: Launching Ams - AmsApplication] INFO  o.e.m.c.i.embedder.EclipseLogger - Copying 0 resource
2022-03-28 14:40:02,446 [Worker-54: Launching Ams - AmsApplication] INFO  o.e.m.c.i.embedder.EclipseLogger - Copying 1 resource
2022-03-28 14:40:02,450 [Worker-54: Launching Ams - AmsApplication] INFO  o.e.m.c.i.embedder.EclipseLogger - Using 'UTF-8' encoding to copy filtered resources.
2022-03-28 14:40:02,450 [Worker-54: Launching Ams - AmsApplication] INFO  o.e.m.c.i.embedder.EclipseLogger - Using 'UTF-8' encoding to copy filtered properties files.
2022-03-28 14:40:02,450 [Worker-54: Launching Ams - AmsApplication] INFO  o.e.m.c.i.embedder.EclipseLogger - skip non existing resourceDirectory C:\Users\USER\Desktop\Formation\Ams\src\test\resources
2022-03-28 14:41:26,650 [Worker-47: Launching Ams - AmsApplication] INFO  o.e.m.c.i.embedder.EclipseLogger - Using 'UTF-8' encoding to copy filtered resources.
2022-03-28 14:41:26,650 [Worker-47: Launching Ams - AmsApplication] INFO  o.e.m.c.i.embedder.EclipseLogger - Using 'UTF-8' encoding to copy filtered properties files.
2022-03-28 14:41:26,650 [Worker-47: Launching Ams - AmsApplication] INFO  o.e.m.c.i.embedder.EclipseLogger - Copying 0 resource
2022-03-28 14:41:26,650 [Worker-47: Launching Ams - AmsApplication] INFO  o.e.m.c.i.embedder.EclipseLogger - Copying 1 resource
2022-03-28 14:41:26,655 [Worker-47: Launching Ams - AmsApplication] INFO  o.e.m.c.i.embedder.EclipseLogger - Using 'UTF-8' encoding to copy filtered resources.
2022-03-28 14:41:26,655 [Worker-47: Launching Ams - AmsApplication] INFO  o.e.m.c.i.embedder.EclipseLogger - Using 'UTF-8' encoding to copy filtered properties files.
2022-03-28 14:41:26,655 [Worker-47: Launching Ams - AmsApplication] INFO  o.e.m.c.i.embedder.EclipseLogger - skip non existing resourceDirectory C:\Users\USER\Desktop\Formation\Ams\src\test\resources
2022-03-28 14:42:13,892 [Worker-56: Launching Ams - AmsApplication] INFO  o.e.m.c.i.embedder.EclipseLogger - Using 'UTF-8' encoding to copy filtered resources.
2022-03-28 14:42:13,892 [Worker-56: Launching Ams - AmsApplication] INFO  o.e.m.c.i.embedder.EclipseLogger - Using 'UTF-8' encoding to copy filtered properties files.
2022-03-28 14:42:13,892 [Worker-56: Launching Ams - AmsApplication] INFO  o.e.m.c.i.embedder.EclipseLogger - Copying 0 resource
2022-03-28 14:42:13,893 [Worker-56: Launching Ams - AmsApplication] INFO  o.e.m.c.i.embedder.EclipseLogger - Copying 1 resource
2022-03-28 14:42:13,897 [Worker-56: Launching Ams - AmsApplication] INFO  o.e.m.c.i.embedder.EclipseLogger - Using 'UTF-8' encoding to copy filtered resources.
2022-03-28 14:42:13,897 [Worker-56: Launching Ams - AmsApplication] INFO  o.e.m.c.i.embedder.EclipseLogger - Using 'UTF-8' encoding to copy filtered properties files.
2022-03-28 14:42:13,897 [Worker-56: Launching Ams - AmsApplication] INFO  o.e.m.c.i.embedder.EclipseLogger - skip non existing resourceDirectory C:\Users\USER\Desktop\Formation\Ams\src\test\resources
2022-03-28 14:43:06,146 [Worker-54: Launching Ams - AmsApplication] INFO  o.e.m.c.i.embedder.EclipseLogger - Using 'UTF-8' encoding to copy filtered resources.
2022-03-28 14:43:06,147 [Worker-54: Launching Ams - AmsApplication] INFO  o.e.m.c.i.embedder.EclipseLogger - Using 'UTF-8' encoding to copy filtered properties files.
2022-03-28 14:43:06,147 [Worker-54: Launching Ams - AmsApplication] INFO  o.e.m.c.i.embedder.EclipseLogger - Copying 0 resource
2022-03-28 14:43:06,147 [Worker-54: Launching Ams - AmsApplication] INFO  o.e.m.c.i.embedder.EclipseLogger - Copying 1 resource
2022-03-28 14:43:06,151 [Worker-54: Launching Ams - AmsApplication] INFO  o.e.m.c.i.embedder.EclipseLogger - Using 'UTF-8' encoding to copy filtered resources.
2022-03-28 14:43:06,151 [Worker-54: Launching Ams - AmsApplication] INFO  o.e.m.c.i.embedder.EclipseLogger - Using 'UTF-8' encoding to copy filtered properties files.
2022-03-28 14:43:06,151 [Worker-54: Launching Ams - AmsApplication] INFO  o.e.m.c.i.embedder.EclipseLogger - skip non existing resourceDirectory C:\Users\USER\Desktop\Formation\Ams\src\test\resources
2022-03-28 14:56:50,496 [Worker-53: Building] INFO  o.e.m.c.i.embedder.EclipseLogger - Using 'UTF-8' encoding to copy filtered resources.
2022-03-28 14:56:50,496 [Worker-53: Building] INFO  o.e.m.c.i.embedder.EclipseLogger - Using 'UTF-8' encoding to copy filtered properties files.
2022-03-28 14:56:50,497 [Worker-53: Building] INFO  o.e.m.c.i.embedder.EclipseLogger - Copying 0 resource
2022-03-28 14:56:50,497 [Worker-53: Building] INFO  o.e.m.c.i.embedder.EclipseLogger - Copying 12 resources
2022-03-28 14:56:50,545 [Worker-53: Building] INFO  o.e.m.c.i.embedder.EclipseLogger - Using 'UTF-8' encoding to copy filtered resources.
2022-03-28 14:56:50,545 [Worker-53: Building] INFO  o.e.m.c.i.embedder.EclipseLogger - Using 'UTF-8' encoding to copy filtered properties files.
2022-03-28 14:56:50,545 [Worker-53: Building] INFO  o.e.m.c.i.embedder.EclipseLogger - skip non existing resourceDirectory C:\Users\USER\Desktop\Formation\Ams\src\test\resources
2022-03-28 14:57:14,904 [Worker-60: Building] INFO  o.e.m.c.i.embedder.EclipseLogger - Using 'UTF-8' encoding to copy filtered resources.
2022-03-28 14:57:14,904 [Worker-60: Building] INFO  o.e.m.c.i.embedder.EclipseLogger - Using 'UTF-8' encoding to copy filtered properties files.
2022-03-28 14:57:14,905 [Worker-60: Building] INFO  o.e.m.c.i.embedder.EclipseLogger - Copying 0 resource
2022-03-28 14:57:14,905 [Worker-60: Building] INFO  o.e.m.c.i.embedder.EclipseLogger - Copying 8 resources
2022-03-28 14:57:14,928 [Worker-60: Building] INFO  o.e.m.c.i.embedder.EclipseLogger - Using 'UTF-8' encoding to copy filtered resources.
2022-03-28 14:57:14,928 [Worker-60: Building] INFO  o.e.m.c.i.embedder.EclipseLogger - Using 'UTF-8' encoding to copy filtered properties files.
2022-03-28 14:57:14,928 [Worker-60: Building] INFO  o.e.m.c.i.embedder.EclipseLogger - skip non existing resourceDirectory C:\Users\USER\Desktop\Formation\Ams\src\test\resources
2022-03-28 14:58:35,535 [Worker-61: Launching Ams - AmsApplication] INFO  o.e.m.c.i.embedder.EclipseLogger - Using 'UTF-8' encoding to copy filtered resources.
2022-03-28 14:58:35,535 [Worker-61: Launching Ams - AmsApplication] INFO  o.e.m.c.i.embedder.EclipseLogger - Using 'UTF-8' encoding to copy filtered properties files.
2022-03-28 14:58:35,536 [Worker-61: Launching Ams - AmsApplication] INFO  o.e.m.c.i.embedder.EclipseLogger - Copying 0 resource
2022-03-28 14:58:35,536 [Worker-61: Launching Ams - AmsApplication] INFO  o.e.m.c.i.embedder.EclipseLogger - Copying 1 resource
2022-03-28 14:58:35,542 [Worker-61: Launching Ams - AmsApplication] INFO  o.e.m.c.i.embedder.EclipseLogger - Using 'UTF-8' encoding to copy filtered resources.
2022-03-28 14:58:35,542 [Worker-61: Launching Ams - AmsApplication] INFO  o.e.m.c.i.embedder.EclipseLogger - Using 'UTF-8' encoding to copy filtered properties files.
2022-03-28 14:58:35,542 [Worker-61: Launching Ams - AmsApplication] INFO  o.e.m.c.i.embedder.EclipseLogger - skip non existing resourceDirectory C:\Users\USER\Desktop\Formation\Ams\src\test\resources
2022-03-28 15:00:12,429 [Worker-64: Building] INFO  o.e.m.c.i.embedder.EclipseLogger - Using 'UTF-8' encoding to copy filtered resources.
2022-03-28 15:00:12,430 [Worker-64: Building] INFO  o.e.m.c.i.embedder.EclipseLogger - Using 'UTF-8' encoding to copy filtered properties files.
2022-03-28 15:00:12,430 [Worker-64: Building] INFO  o.e.m.c.i.embedder.EclipseLogger - Copying 0 resource
2022-03-28 15:00:12,431 [Worker-64: Building] INFO  o.e.m.c.i.embedder.EclipseLogger - Copying 1 resource
2022-03-28 15:00:12,437 [Worker-64: Building] INFO  o.e.m.c.i.embedder.EclipseLogger - Using 'UTF-8' encoding to copy filtered resources.
2022-03-28 15:00:12,437 [Worker-64: Building] INFO  o.e.m.c.i.embedder.EclipseLogger - Using 'UTF-8' encoding to copy filtered properties files.
2022-03-28 15:00:12,437 [Worker-64: Building] INFO  o.e.m.c.i.embedder.EclipseLogger - skip non existing resourceDirectory C:\Users\USER\Desktop\Formation\Ams\src\test\resources
2022-03-28 15:00:50,042 [Worker-60: Launching Ams - AmsApplication] INFO  o.e.m.c.i.embedder.EclipseLogger - Using 'UTF-8' encoding to copy filtered resources.
2022-03-28 15:00:50,042 [Worker-60: Launching Ams - AmsApplication] INFO  o.e.m.c.i.embedder.EclipseLogger - Using 'UTF-8' encoding to copy filtered properties files.
2022-03-28 15:00:50,043 [Worker-60: Launching Ams - AmsApplication] INFO  o.e.m.c.i.embedder.EclipseLogger - Copying 0 resource
2022-03-28 15:00:50,043 [Worker-60: Launching Ams - AmsApplication] INFO  o.e.m.c.i.embedder.EclipseLogger - Copying 1 resource
2022-03-28 15:00:50,047 [Worker-60: Launching Ams - AmsApplication] INFO  o.e.m.c.i.embedder.EclipseLogger - Using 'UTF-8' encoding to copy filtered resources.
2022-03-28 15:00:50,047 [Worker-60: Launching Ams - AmsApplication] INFO  o.e.m.c.i.embedder.EclipseLogger - Using 'UTF-8' encoding to copy filtered properties files.
2022-03-28 15:00:50,047 [Worker-60: Launching Ams - AmsApplication] INFO  o.e.m.c.i.embedder.EclipseLogger - skip non existing resourceDirectory C:\Users\USER\Desktop\Formation\Ams\src\test\resources
2022-03-28 15:01:23,121 [Worker-65: Building] INFO  o.e.m.c.i.embedder.EclipseLogger - Using 'UTF-8' encoding to copy filtered resources.
2022-03-28 15:01:23,122 [Worker-65: Building] INFO  o.e.m.c.i.embedder.EclipseLogger - Using 'UTF-8' encoding to copy filtered properties files.
2022-03-28 15:01:23,122 [Worker-65: Building] INFO  o.e.m.c.i.embedder.EclipseLogger - Copying 0 resource
2022-03-28 15:01:23,122 [Worker-65: Building] INFO  o.e.m.c.i.embedder.EclipseLogger - Copying 1 resource
2022-03-28 15:01:23,127 [Worker-65: Building] INFO  o.e.m.c.i.embedder.EclipseLogger - Using 'UTF-8' encoding to copy filtered resources.
2022-03-28 15:01:23,127 [Worker-65: Building] INFO  o.e.m.c.i.embedder.EclipseLogger - Using 'UTF-8' encoding to copy filtered properties files.
2022-03-28 15:01:23,127 [Worker-65: Building] INFO  o.e.m.c.i.embedder.EclipseLogger - skip non existing resourceDirectory C:\Users\USER\Desktop\Formation\Ams\src\test\resources
2022-03-28 15:03:25,259 [Worker-65: Launching Ams - AmsApplication] INFO  o.e.m.c.i.embedder.EclipseLogger - Using 'UTF-8' encoding to copy filtered resources.
2022-03-28 15:03:25,260 [Worker-65: Launching Ams - AmsApplication] INFO  o.e.m.c.i.embedder.EclipseLogger - Using 'UTF-8' encoding to copy filtered properties files.
2022-03-28 15:03:25,260 [Worker-65: Launching Ams - AmsApplication] INFO  o.e.m.c.i.embedder.EclipseLogger - Copying 0 resource
2022-03-28 15:03:25,260 [Worker-65: Launching Ams - AmsApplication] INFO  o.e.m.c.i.embedder.EclipseLogger - Copying 1 resource
2022-03-28 15:03:25,264 [Worker-65: Launching Ams - AmsApplication] INFO  o.e.m.c.i.embedder.EclipseLogger - Using 'UTF-8' encoding to copy filtered resources.
2022-03-28 15:03:25,264 [Worker-65: Launching Ams - AmsApplication] INFO  o.e.m.c.i.embedder.EclipseLogger - Using 'UTF-8' encoding to copy filtered properties files.
2022-03-28 15:03:25,264 [Worker-65: Launching Ams - AmsApplication] INFO  o.e.m.c.i.embedder.EclipseLogger - skip non existing resourceDirectory C:\Users\USER\Desktop\Formation\Ams\src\test\resources
2022-03-28 15:04:27,265 [Worker-65: Building] INFO  o.e.m.c.i.embedder.EclipseLogger - Using 'UTF-8' encoding to copy filtered resources.
2022-03-28 15:04:27,265 [Worker-65: Building] INFO  o.e.m.c.i.embedder.EclipseLogger - Using 'UTF-8' encoding to copy filtered properties files.
2022-03-28 15:04:27,265 [Worker-65: Building] INFO  o.e.m.c.i.embedder.EclipseLogger - Copying 0 resource
2022-03-28 15:04:27,265 [Worker-65: Building] INFO  o.e.m.c.i.embedder.EclipseLogger - Copying 1 resource
2022-03-28 15:04:27,269 [Worker-65: Building] INFO  o.e.m.c.i.embedder.EclipseLogger - Using 'UTF-8' encoding to copy filtered resources.
2022-03-28 15:04:27,269 [Worker-65: Building] INFO  o.e.m.c.i.embedder.EclipseLogger - Using 'UTF-8' encoding to copy filtered properties files.
2022-03-28 15:04:27,269 [Worker-65: Building] INFO  o.e.m.c.i.embedder.EclipseLogger - skip non existing resourceDirectory C:\Users\USER\Desktop\Formation\Ams\src\test\resources
2022-03-28 15:05:27,157 [Worker-64: Launching Ams - AmsApplication] INFO  o.e.m.c.i.embedder.EclipseLogger - Using 'UTF-8' encoding to copy filtered resources.
2022-03-28 15:05:27,157 [Worker-64: Launching Ams - AmsApplication] INFO  o.e.m.c.i.embedder.EclipseLogger - Using 'UTF-8' encoding to copy filtered properties files.
2022-03-28 15:05:27,158 [Worker-64: Launching Ams - AmsApplication] INFO  o.e.m.c.i.embedder.EclipseLogger - Copying 0 resource
2022-03-28 15:05:27,158 [Worker-64: Launching Ams - AmsApplication] INFO  o.e.m.c.i.embedder.EclipseLogger - Copying 1 resource
2022-03-28 15:05:27,162 [Worker-64: Launching Ams - AmsApplication] INFO  o.e.m.c.i.embedder.EclipseLogger - Using 'UTF-8' encoding to copy filtered resources.
2022-03-28 15:05:27,162 [Worker-64: Launching Ams - AmsApplication] INFO  o.e.m.c.i.embedder.EclipseLogger - Using 'UTF-8' encoding to copy filtered properties files.
2022-03-28 15:05:27,162 [Worker-64: Launching Ams - AmsApplication] INFO  o.e.m.c.i.embedder.EclipseLogger - skip non existing resourceDirectory C:\Users\USER\Desktop\Formation\Ams\src\test\resources
2022-03-28 15:06:29,114 [Worker-63: Building] INFO  o.e.m.c.i.embedder.EclipseLogger - Using 'UTF-8' encoding to copy filtered resources.
2022-03-28 15:06:29,114 [Worker-63: Building] INFO  o.e.m.c.i.embedder.EclipseLogger - Using 'UTF-8' encoding to copy filtered properties files.
2022-03-28 15:06:29,114 [Worker-63: Building] INFO  o.e.m.c.i.embedder.EclipseLogger - Copying 0 resource
2022-03-28 15:06:29,115 [Worker-63: Building] INFO  o.e.m.c.i.embedder.EclipseLogger - Copying 1 resource
2022-03-28 15:06:29,121 [Worker-63: Building] INFO  o.e.m.c.i.embedder.EclipseLogger - Using 'UTF-8' encoding to copy filtered resources.
2022-03-28 15:06:29,121 [Worker-63: Building] INFO  o.e.m.c.i.embedder.EclipseLogger - Using 'UTF-8' encoding to copy filtered properties files.
2022-03-28 15:06:29,121 [Worker-63: Building] INFO  o.e.m.c.i.embedder.EclipseLogger - skip non existing resourceDirectory C:\Users\USER\Desktop\Formation\Ams\src\test\resources
2022-03-28 15:07:49,102 [Worker-53: Building] INFO  o.e.m.c.i.embedder.EclipseLogger - Using 'UTF-8' encoding to copy filtered resources.
2022-03-28 15:07:49,102 [Worker-53: Building] INFO  o.e.m.c.i.embedder.EclipseLogger - Using 'UTF-8' encoding to copy filtered properties files.
2022-03-28 15:07:49,102 [Worker-53: Building] INFO  o.e.m.c.i.embedder.EclipseLogger - Copying 0 resource
2022-03-28 15:07:49,103 [Worker-53: Building] INFO  o.e.m.c.i.embedder.EclipseLogger - Copying 1 resource
2022-03-28 15:07:49,108 [Worker-53: Building] INFO  o.e.m.c.i.embedder.EclipseLogger - Using 'UTF-8' encoding to copy filtered resources.
2022-03-28 15:07:49,108 [Worker-53: Building] INFO  o.e.m.c.i.embedder.EclipseLogger - Using 'UTF-8' encoding to copy filtered properties files.
2022-03-28 15:07:49,109 [Worker-53: Building] INFO  o.e.m.c.i.embedder.EclipseLogger - skip non existing resourceDirectory C:\Users\USER\Desktop\Formation\Ams\src\test\resources
2022-03-28 15:09:04,012 [Worker-63: Launching Ams - AmsApplication] INFO  o.e.m.c.i.embedder.EclipseLogger - Using 'UTF-8' encoding to copy filtered resources.
2022-03-28 15:09:04,013 [Worker-63: Launching Ams - AmsApplication] INFO  o.e.m.c.i.embedder.EclipseLogger - Using 'UTF-8' encoding to copy filtered properties files.
2022-03-28 15:09:04,013 [Worker-63: Launching Ams - AmsApplication] INFO  o.e.m.c.i.embedder.EclipseLogger - Copying 0 resource
2022-03-28 15:09:04,014 [Worker-63: Launching Ams - AmsApplication] INFO  o.e.m.c.i.embedder.EclipseLogger - Copying 1 resource
2022-03-28 15:09:04,018 [Worker-63: Launching Ams - AmsApplication] INFO  o.e.m.c.i.embedder.EclipseLogger - Using 'UTF-8' encoding to copy filtered resources.
2022-03-28 15:09:04,019 [Worker-63: Launching Ams - AmsApplication] INFO  o.e.m.c.i.embedder.EclipseLogger - Using 'UTF-8' encoding to copy filtered properties files.
2022-03-28 15:09:04,019 [Worker-63: Launching Ams - AmsApplication] INFO  o.e.m.c.i.embedder.EclipseLogger - skip non existing resourceDirectory C:\Users\USER\Desktop\Formation\Ams\src\test\resources
2022-03-28 15:09:42,576 [Worker-64: Building] INFO  o.e.m.c.i.embedder.EclipseLogger - Using 'UTF-8' encoding to copy filtered resources.
2022-03-28 15:09:42,576 [Worker-64: Building] INFO  o.e.m.c.i.embedder.EclipseLogger - Using 'UTF-8' encoding to copy filtered properties files.
2022-03-28 15:09:42,577 [Worker-64: Building] INFO  o.e.m.c.i.embedder.EclipseLogger - Copying 0 resource
2022-03-28 15:09:42,577 [Worker-64: Building] INFO  o.e.m.c.i.embedder.EclipseLogger - Copying 1 resource
2022-03-28 15:09:42,583 [Worker-64: Building] INFO  o.e.m.c.i.embedder.EclipseLogger - Using 'UTF-8' encoding to copy filtered resources.
2022-03-28 15:09:42,583 [Worker-64: Building] INFO  o.e.m.c.i.embedder.EclipseLogger - Using 'UTF-8' encoding to copy filtered properties files.
2022-03-28 15:09:42,583 [Worker-64: Building] INFO  o.e.m.c.i.embedder.EclipseLogger - skip non existing resourceDirectory C:\Users\USER\Desktop\Formation\Ams\src\test\resources
2022-03-28 15:12:20,525 [Worker-63: Building] INFO  o.e.m.c.i.embedder.EclipseLogger - Using 'UTF-8' encoding to copy filtered resources.
2022-03-28 15:12:20,526 [Worker-63: Building] INFO  o.e.m.c.i.embedder.EclipseLogger - Using 'UTF-8' encoding to copy filtered properties files.
2022-03-28 15:12:20,526 [Worker-63: Building] INFO  o.e.m.c.i.embedder.EclipseLogger - Copying 0 resource
2022-03-28 15:12:20,526 [Worker-63: Building] INFO  o.e.m.c.i.embedder.EclipseLogger - Copying 1 resource
2022-03-28 15:12:20,529 [Worker-63: Building] INFO  o.e.m.c.i.embedder.EclipseLogger - Using 'UTF-8' encoding to copy filtered resources.
2022-03-28 15:12:20,529 [Worker-63: Building] INFO  o.e.m.c.i.embedder.EclipseLogger - Using 'UTF-8' encoding to copy filtered properties files.
2022-03-28 15:12:20,529 [Worker-63: Building] INFO  o.e.m.c.i.embedder.EclipseLogger - skip non existing resourceDirectory C:\Users\USER\Desktop\Formation\Ams\src\test\resources
2022-03-28 15:13:39,014 [Worker-62: Building] INFO  o.e.m.c.i.embedder.EclipseLogger - Using 'UTF-8' encoding to copy filtered resources.
2022-03-28 15:13:39,015 [Worker-62: Building] INFO  o.e.m.c.i.embedder.EclipseLogger - Using 'UTF-8' encoding to copy filtered properties files.
2022-03-28 15:13:39,015 [Worker-62: Building] INFO  o.e.m.c.i.embedder.EclipseLogger - Copying 0 resource
2022-03-28 15:13:39,015 [Worker-62: Building] INFO  o.e.m.c.i.embedder.EclipseLogger - Copying 1 resource
2022-03-28 15:13:39,018 [Worker-62: Building] INFO  o.e.m.c.i.embedder.EclipseLogger - Using 'UTF-8' encoding to copy filtered resources.
2022-03-28 15:13:39,018 [Worker-62: Building] INFO  o.e.m.c.i.embedder.EclipseLogger - Using 'UTF-8' encoding to copy filtered properties files.
2022-03-28 15:13:39,018 [Worker-62: Building] INFO  o.e.m.c.i.embedder.EclipseLogger - skip non existing resourceDirectory C:\Users\USER\Desktop\Formation\Ams\src\test\resources
2022-03-28 15:15:39,682 [Worker-60: Launching Ams - AmsApplication] INFO  o.e.m.c.i.embedder.EclipseLogger - Using 'UTF-8' encoding to copy filtered resources.
2022-03-28 15:15:39,682 [Worker-60: Launching Ams - AmsApplication] INFO  o.e.m.c.i.embedder.EclipseLogger - Using 'UTF-8' encoding to copy filtered properties files.
2022-03-28 15:15:39,682 [Worker-60: Launching Ams - AmsApplication] INFO  o.e.m.c.i.embedder.EclipseLogger - Copying 0 resource
2022-03-28 15:15:39,682 [Worker-60: Launching Ams - AmsApplication] INFO  o.e.m.c.i.embedder.EclipseLogger - Copying 1 resource
2022-03-28 15:15:39,686 [Worker-60: Launching Ams - AmsApplication] INFO  o.e.m.c.i.embedder.EclipseLogger - Using 'UTF-8' encoding to copy filtered resources.
2022-03-28 15:15:39,686 [Worker-60: Launching Ams - AmsApplication] INFO  o.e.m.c.i.embedder.EclipseLogger - Using 'UTF-8' encoding to copy filtered properties files.
2022-03-28 15:15:39,686 [Worker-60: Launching Ams - AmsApplication] INFO  o.e.m.c.i.embedder.EclipseLogger - skip non existing resourceDirectory C:\Users\USER\Desktop\Formation\Ams\src\test\resources
2022-03-28 15:17:25,712 [Worker-69: Building] INFO  o.e.m.c.i.embedder.EclipseLogger - Using 'UTF-8' encoding to copy filtered resources.
2022-03-28 15:17:25,712 [Worker-69: Building] INFO  o.e.m.c.i.embedder.EclipseLogger - Using 'UTF-8' encoding to copy filtered properties files.
2022-03-28 15:17:25,713 [Worker-69: Building] INFO  o.e.m.c.i.embedder.EclipseLogger - Copying 0 resource
2022-03-28 15:17:25,713 [Worker-69: Building] INFO  o.e.m.c.i.embedder.EclipseLogger - Copying 0 resource
2022-03-28 15:17:25,714 [Worker-69: Building] INFO  o.e.m.c.i.embedder.EclipseLogger - Using 'UTF-8' encoding to copy filtered resources.
2022-03-28 15:17:25,714 [Worker-69: Building] INFO  o.e.m.c.i.embedder.EclipseLogger - Using 'UTF-8' encoding to copy filtered properties files.
2022-03-28 15:17:25,714 [Worker-69: Building] INFO  o.e.m.c.i.embedder.EclipseLogger - skip non existing resourceDirectory C:\Users\USER\Desktop\Formation\Ams\src\test\resources
2022-03-28 15:17:31,527 [Worker-66: Building] INFO  o.e.m.c.i.embedder.EclipseLogger - Using 'UTF-8' encoding to copy filtered resources.
2022-03-28 15:17:31,527 [Worker-66: Building] INFO  o.e.m.c.i.embedder.EclipseLogger - Using 'UTF-8' encoding to copy filtered properties files.
2022-03-28 15:17:31,528 [Worker-66: Building] INFO  o.e.m.c.i.embedder.EclipseLogger - Copying 0 resource
2022-03-28 15:17:31,528 [Worker-66: Building] INFO  o.e.m.c.i.embedder.EclipseLogger - Copying 1 resource
2022-03-28 15:17:31,534 [Worker-66: Building] INFO  o.e.m.c.i.embedder.EclipseLogger - Using 'UTF-8' encoding to copy filtered resources.
2022-03-28 15:17:31,534 [Worker-66: Building] INFO  o.e.m.c.i.embedder.EclipseLogger - Using 'UTF-8' encoding to copy filtered properties files.
2022-03-28 15:17:31,534 [Worker-66: Building] INFO  o.e.m.c.i.embedder.EclipseLogger - skip non existing resourceDirectory C:\Users\USER\Desktop\Formation\Ams\src\test\resources
2022-03-28 15:19:50,675 [Worker-66: Launching Ams - AmsApplication] INFO  o.e.m.c.i.embedder.EclipseLogger - Using 'UTF-8' encoding to copy filtered resources.
2022-03-28 15:19:50,675 [Worker-66: Launching Ams - AmsApplication] INFO  o.e.m.c.i.embedder.EclipseLogger - Using 'UTF-8' encoding to copy filtered properties files.
2022-03-28 15:19:50,676 [Worker-66: Launching Ams - AmsApplication] INFO  o.e.m.c.i.embedder.EclipseLogger - Copying 0 resource
2022-03-28 15:19:50,676 [Worker-66: Launching Ams - AmsApplication] INFO  o.e.m.c.i.embedder.EclipseLogger - Copying 1 resource
2022-03-28 15:19:50,680 [Worker-66: Launching Ams - AmsApplication] INFO  o.e.m.c.i.embedder.EclipseLogger - Using 'UTF-8' encoding to copy filtered resources.
2022-03-28 15:19:50,680 [Worker-66: Launching Ams - AmsApplication] INFO  o.e.m.c.i.embedder.EclipseLogger - Using 'UTF-8' encoding to copy filtered properties files.
2022-03-28 15:19:50,680 [Worker-66: Launching Ams - AmsApplication] INFO  o.e.m.c.i.embedder.EclipseLogger - skip non existing resourceDirectory C:\Users\USER\Desktop\Formation\Ams\src\test\resources
2022-03-28 15:20:29,552 [Worker-66: Launching Ams - AmsApplication] INFO  o.e.m.c.i.embedder.EclipseLogger - Using 'UTF-8' encoding to copy filtered resources.
2022-03-28 15:20:29,552 [Worker-66: Launching Ams - AmsApplication] INFO  o.e.m.c.i.embedder.EclipseLogger - Using 'UTF-8' encoding to copy filtered properties files.
2022-03-28 15:20:29,552 [Worker-66: Launching Ams - AmsApplication] INFO  o.e.m.c.i.embedder.EclipseLogger - Copying 0 resource
2022-03-28 15:20:29,552 [Worker-66: Launching Ams - AmsApplication] INFO  o.e.m.c.i.embedder.EclipseLogger - Copying 1 resource
2022-03-28 15:20:29,557 [Worker-66: Launching Ams - AmsApplication] INFO  o.e.m.c.i.embedder.EclipseLogger - Using 'UTF-8' encoding to copy filtered resources.
2022-03-28 15:20:29,557 [Worker-66: Launching Ams - AmsApplication] INFO  o.e.m.c.i.embedder.EclipseLogger - Using 'UTF-8' encoding to copy filtered properties files.
2022-03-28 15:20:29,557 [Worker-66: Launching Ams - AmsApplication] INFO  o.e.m.c.i.embedder.EclipseLogger - skip non existing resourceDirectory C:\Users\USER\Desktop\Formation\Ams\src\test\resources
2022-03-28 15:21:01,274 [Worker-71: Launching Ams - AmsApplication] INFO  o.e.m.c.i.embedder.EclipseLogger - Using 'UTF-8' encoding to copy filtered resources.
2022-03-28 15:21:01,274 [Worker-71: Launching Ams - AmsApplication] INFO  o.e.m.c.i.embedder.EclipseLogger - Using 'UTF-8' encoding to copy filtered properties files.
2022-03-28 15:21:01,274 [Worker-71: Launching Ams - AmsApplication] INFO  o.e.m.c.i.embedder.EclipseLogger - Copying 0 resource
2022-03-28 15:21:01,274 [Worker-71: Launching Ams - AmsApplication] INFO  o.e.m.c.i.embedder.EclipseLogger - Copying 1 resource
2022-03-28 15:21:01,279 [Worker-71: Launching Ams - AmsApplication] INFO  o.e.m.c.i.embedder.EclipseLogger - Using 'UTF-8' encoding to copy filtered resources.
2022-03-28 15:21:01,279 [Worker-71: Launching Ams - AmsApplication] INFO  o.e.m.c.i.embedder.EclipseLogger - Using 'UTF-8' encoding to copy filtered properties files.
2022-03-28 15:21:01,279 [Worker-71: Launching Ams - AmsApplication] INFO  o.e.m.c.i.embedder.EclipseLogger - skip non existing resourceDirectory C:\Users\USER\Desktop\Formation\Ams\src\test\resources
2022-03-28 15:21:44,251 [Worker-72: Launching Ams - AmsApplication] INFO  o.e.m.c.i.embedder.EclipseLogger - Using 'UTF-8' encoding to copy filtered resources.
2022-03-28 15:21:44,251 [Worker-72: Launching Ams - AmsApplication] INFO  o.e.m.c.i.embedder.EclipseLogger - Using 'UTF-8' encoding to copy filtered properties files.
2022-03-28 15:21:44,251 [Worker-72: Launching Ams - AmsApplication] INFO  o.e.m.c.i.embedder.EclipseLogger - Copying 0 resource
2022-03-28 15:21:44,252 [Worker-72: Launching Ams - AmsApplication] INFO  o.e.m.c.i.embedder.EclipseLogger - Copying 1 resource
2022-03-28 15:21:44,256 [Worker-72: Launching Ams - AmsApplication] INFO  o.e.m.c.i.embedder.EclipseLogger - Using 'UTF-8' encoding to copy filtered resources.
2022-03-28 15:21:44,257 [Worker-72: Launching Ams - AmsApplication] INFO  o.e.m.c.i.embedder.EclipseLogger - Using 'UTF-8' encoding to copy filtered properties files.
2022-03-28 15:21:44,257 [Worker-72: Launching Ams - AmsApplication] INFO  o.e.m.c.i.embedder.EclipseLogger - skip non existing resourceDirectory C:\Users\USER\Desktop\Formation\Ams\src\test\resources
2022-03-28 15:22:05,397 [Worker-69: Launching Ams - AmsApplication] INFO  o.e.m.c.i.embedder.EclipseLogger - Using 'UTF-8' encoding to copy filtered resources.
2022-03-28 15:22:05,397 [Worker-69: Launching Ams - AmsApplication] INFO  o.e.m.c.i.embedder.EclipseLogger - Using 'UTF-8' encoding to copy filtered properties files.
2022-03-28 15:22:05,397 [Worker-69: Launching Ams - AmsApplication] INFO  o.e.m.c.i.embedder.EclipseLogger - Copying 0 resource
2022-03-28 15:22:05,397 [Worker-69: Launching Ams - AmsApplication] INFO  o.e.m.c.i.embedder.EclipseLogger - Copying 1 resource
2022-03-28 15:22:05,401 [Worker-69: Launching Ams - AmsApplication] INFO  o.e.m.c.i.embedder.EclipseLogger - Using 'UTF-8' encoding to copy filtered resources.
2022-03-28 15:22:05,402 [Worker-69: Launching Ams - AmsApplication] INFO  o.e.m.c.i.embedder.EclipseLogger - Using 'UTF-8' encoding to copy filtered properties files.
2022-03-28 15:22:05,402 [Worker-69: Launching Ams - AmsApplication] INFO  o.e.m.c.i.embedder.EclipseLogger - skip non existing resourceDirectory C:\Users\USER\Desktop\Formation\Ams\src\test\resources
2022-03-28 15:23:21,860 [Worker-60: Launching Ams - AmsApplication] INFO  o.e.m.c.i.embedder.EclipseLogger - Using 'UTF-8' encoding to copy filtered resources.
2022-03-28 15:23:21,861 [Worker-60: Launching Ams - AmsApplication] INFO  o.e.m.c.i.embedder.EclipseLogger - Using 'UTF-8' encoding to copy filtered properties files.
2022-03-28 15:23:21,861 [Worker-60: Launching Ams - AmsApplication] INFO  o.e.m.c.i.embedder.EclipseLogger - Copying 0 resource
2022-03-28 15:23:21,861 [Worker-60: Launching Ams - AmsApplication] INFO  o.e.m.c.i.embedder.EclipseLogger - Copying 1 resource
2022-03-28 15:23:21,865 [Worker-60: Launching Ams - AmsApplication] INFO  o.e.m.c.i.embedder.EclipseLogger - Using 'UTF-8' encoding to copy filtered resources.
2022-03-28 15:23:21,865 [Worker-60: Launching Ams - AmsApplication] INFO  o.e.m.c.i.embedder.EclipseLogger - Using 'UTF-8' encoding to copy filtered properties files.
2022-03-28 15:23:21,865 [Worker-60: Launching Ams - AmsApplication] INFO  o.e.m.c.i.embedder.EclipseLogger - skip non existing resourceDirectory C:\Users\USER\Desktop\Formation\Ams\src\test\resources
2022-03-28 15:25:02,293 [Worker-73: Launching Ams - AmsApplication] INFO  o.e.m.c.i.embedder.EclipseLogger - Using 'UTF-8' encoding to copy filtered resources.
2022-03-28 15:25:02,293 [Worker-73: Launching Ams - AmsApplication] INFO  o.e.m.c.i.embedder.EclipseLogger - Using 'UTF-8' encoding to copy filtered properties files.
2022-03-28 15:25:02,294 [Worker-73: Launching Ams - AmsApplication] INFO  o.e.m.c.i.embedder.EclipseLogger - Copying 0 resource
2022-03-28 15:25:02,295 [Worker-73: Launching Ams - AmsApplication] INFO  o.e.m.c.i.embedder.EclipseLogger - Copying 1 resource
2022-03-28 15:25:02,299 [Worker-73: Launching Ams - AmsApplication] INFO  o.e.m.c.i.embedder.EclipseLogger - Using 'UTF-8' encoding to copy filtered resources.
2022-03-28 15:25:02,300 [Worker-73: Launching Ams - AmsApplication] INFO  o.e.m.c.i.embedder.EclipseLogger - Using 'UTF-8' encoding to copy filtered properties files.
2022-03-28 15:25:02,300 [Worker-73: Launching Ams - AmsApplication] INFO  o.e.m.c.i.embedder.EclipseLogger - skip non existing resourceDirectory C:\Users\USER\Desktop\Formation\Ams\src\test\resources
2022-03-28 15:28:21,255 [Worker-74: Launching Ams - AmsApplication] INFO  o.e.m.c.i.embedder.EclipseLogger - Using 'UTF-8' encoding to copy filtered resources.
2022-03-28 15:28:21,255 [Worker-74: Launching Ams - AmsApplication] INFO  o.e.m.c.i.embedder.EclipseLogger - Using 'UTF-8' encoding to copy filtered properties files.
2022-03-28 15:28:21,255 [Worker-74: Launching Ams - AmsApplication] INFO  o.e.m.c.i.embedder.EclipseLogger - Copying 0 resource
2022-03-28 15:28:21,256 [Worker-74: Launching Ams - AmsApplication] INFO  o.e.m.c.i.embedder.EclipseLogger - Copying 2 resources
2022-03-28 15:28:21,261 [Worker-74: Launching Ams - AmsApplication] INFO  o.e.m.c.i.embedder.EclipseLogger - Using 'UTF-8' encoding to copy filtered resources.
2022-03-28 15:28:21,261 [Worker-74: Launching Ams - AmsApplication] INFO  o.e.m.c.i.embedder.EclipseLogger - Using 'UTF-8' encoding to copy filtered properties files.
2022-03-28 15:28:21,261 [Worker-74: Launching Ams - AmsApplication] INFO  o.e.m.c.i.embedder.EclipseLogger - skip non existing resourceDirectory C:\Users\USER\Desktop\Formation\Ams\src\test\resources
2022-03-28 15:29:45,750 [Worker-75: Launching Ams - AmsApplication] INFO  o.e.m.c.i.embedder.EclipseLogger - Using 'UTF-8' encoding to copy filtered resources.
2022-03-28 15:29:45,750 [Worker-75: Launching Ams - AmsApplication] INFO  o.e.m.c.i.embedder.EclipseLogger - Using 'UTF-8' encoding to copy filtered properties files.
2022-03-28 15:29:45,750 [Worker-75: Launching Ams - AmsApplication] INFO  o.e.m.c.i.embedder.EclipseLogger - Copying 0 resource
2022-03-28 15:29:45,750 [Worker-75: Launching Ams - AmsApplication] INFO  o.e.m.c.i.embedder.EclipseLogger - Copying 1 resource
2022-03-28 15:29:45,755 [Worker-75: Launching Ams - AmsApplication] INFO  o.e.m.c.i.embedder.EclipseLogger - Using 'UTF-8' encoding to copy filtered resources.
2022-03-28 15:29:45,755 [Worker-75: Launching Ams - AmsApplication] INFO  o.e.m.c.i.embedder.EclipseLogger - Using 'UTF-8' encoding to copy filtered properties files.
2022-03-28 15:29:45,755 [Worker-75: Launching Ams - AmsApplication] INFO  o.e.m.c.i.embedder.EclipseLogger - skip non existing resourceDirectory C:\Users\USER\Desktop\Formation\Ams\src\test\resources
2022-03-28 15:30:45,524 [Worker-75: Launching Ams - AmsApplication] INFO  o.e.m.c.i.embedder.EclipseLogger - Using 'UTF-8' encoding to copy filtered resources.
2022-03-28 15:30:45,524 [Worker-75: Launching Ams - AmsApplication] INFO  o.e.m.c.i.embedder.EclipseLogger - Using 'UTF-8' encoding to copy filtered properties files.
2022-03-28 15:30:45,524 [Worker-75: Launching Ams - AmsApplication] INFO  o.e.m.c.i.embedder.EclipseLogger - Copying 0 resource
2022-03-28 15:30:45,524 [Worker-75: Launching Ams - AmsApplication] INFO  o.e.m.c.i.embedder.EclipseLogger - Copying 1 resource
2022-03-28 15:30:45,528 [Worker-75: Launching Ams - AmsApplication] INFO  o.e.m.c.i.embedder.EclipseLogger - Using 'UTF-8' encoding to copy filtered resources.
2022-03-28 15:30:45,528 [Worker-75: Launching Ams - AmsApplication] INFO  o.e.m.c.i.embedder.EclipseLogger - Using 'UTF-8' encoding to copy filtered properties files.
2022-03-28 15:30:45,529 [Worker-75: Launching Ams - AmsApplication] INFO  o.e.m.c.i.embedder.EclipseLogger - skip non existing resourceDirectory C:\Users\USER\Desktop\Formation\Ams\src\test\resources
2022-03-28 15:31:08,834 [Worker-76: Launching Ams - AmsApplication] INFO  o.e.m.c.i.embedder.EclipseLogger - Using 'UTF-8' encoding to copy filtered resources.
2022-03-28 15:31:08,834 [Worker-76: Launching Ams - AmsApplication] INFO  o.e.m.c.i.embedder.EclipseLogger - Using 'UTF-8' encoding to copy filtered properties files.
2022-03-28 15:31:08,834 [Worker-76: Launching Ams - AmsApplication] INFO  o.e.m.c.i.embedder.EclipseLogger - Copying 0 resource
2022-03-28 15:31:08,835 [Worker-76: Launching Ams - AmsApplication] INFO  o.e.m.c.i.embedder.EclipseLogger - Copying 1 resource
2022-03-28 15:31:08,840 [Worker-76: Launching Ams - AmsApplication] INFO  o.e.m.c.i.embedder.EclipseLogger - Using 'UTF-8' encoding to copy filtered resources.
2022-03-28 15:31:08,840 [Worker-76: Launching Ams - AmsApplication] INFO  o.e.m.c.i.embedder.EclipseLogger - Using 'UTF-8' encoding to copy filtered properties files.
2022-03-28 15:31:08,840 [Worker-76: Launching Ams - AmsApplication] INFO  o.e.m.c.i.embedder.EclipseLogger - skip non existing resourceDirectory C:\Users\USER\Desktop\Formation\Ams\src\test\resources
2022-03-28 15:31:40,292 [Worker-66: Launching Ams - AmsApplication] INFO  o.e.m.c.i.embedder.EclipseLogger - Using 'UTF-8' encoding to copy filtered resources.
2022-03-28 15:31:40,292 [Worker-66: Launching Ams - AmsApplication] INFO  o.e.m.c.i.embedder.EclipseLogger - Using 'UTF-8' encoding to copy filtered properties files.
2022-03-28 15:31:40,293 [Worker-66: Launching Ams - AmsApplication] INFO  o.e.m.c.i.embedder.EclipseLogger - Copying 0 resource
2022-03-28 15:31:40,293 [Worker-66: Launching Ams - AmsApplication] INFO  o.e.m.c.i.embedder.EclipseLogger - Copying 1 resource
2022-03-28 15:31:40,296 [Worker-66: Launching Ams - AmsApplication] INFO  o.e.m.c.i.embedder.EclipseLogger - Using 'UTF-8' encoding to copy filtered resources.
2022-03-28 15:31:40,296 [Worker-66: Launching Ams - AmsApplication] INFO  o.e.m.c.i.embedder.EclipseLogger - Using 'UTF-8' encoding to copy filtered properties files.
2022-03-28 15:31:40,297 [Worker-66: Launching Ams - AmsApplication] INFO  o.e.m.c.i.embedder.EclipseLogger - skip non existing resourceDirectory C:\Users\USER\Desktop\Formation\Ams\src\test\resources
2022-03-28 15:32:16,028 [Worker-78: Building] INFO  o.e.m.c.i.embedder.EclipseLogger - Using 'UTF-8' encoding to copy filtered resources.
2022-03-28 15:32:16,029 [Worker-78: Building] INFO  o.e.m.c.i.embedder.EclipseLogger - Using 'UTF-8' encoding to copy filtered properties files.
2022-03-28 15:32:16,029 [Worker-78: Building] INFO  o.e.m.c.i.embedder.EclipseLogger - Copying 0 resource
2022-03-28 15:32:16,029 [Worker-78: Building] INFO  o.e.m.c.i.embedder.EclipseLogger - Copying 1 resource
2022-03-28 15:32:16,032 [Worker-78: Building] INFO  o.e.m.c.i.embedder.EclipseLogger - Using 'UTF-8' encoding to copy filtered resources.
2022-03-28 15:32:16,032 [Worker-78: Building] INFO  o.e.m.c.i.embedder.EclipseLogger - Using 'UTF-8' encoding to copy filtered properties files.
2022-03-28 15:32:16,032 [Worker-78: Building] INFO  o.e.m.c.i.embedder.EclipseLogger - skip non existing resourceDirectory C:\Users\USER\Desktop\Formation\Ams\src\test\resources
2022-03-28 15:32:56,929 [Worker-77: Launching Ams - AmsApplication] INFO  o.e.m.c.i.embedder.EclipseLogger - Using 'UTF-8' encoding to copy filtered resources.
2022-03-28 15:32:56,929 [Worker-77: Launching Ams - AmsApplication] INFO  o.e.m.c.i.embedder.EclipseLogger - Using 'UTF-8' encoding to copy filtered properties files.
2022-03-28 15:32:56,929 [Worker-77: Launching Ams - AmsApplication] INFO  o.e.m.c.i.embedder.EclipseLogger - Copying 0 resource
2022-03-28 15:32:56,929 [Worker-77: Launching Ams - AmsApplication] INFO  o.e.m.c.i.embedder.EclipseLogger - Copying 1 resource
2022-03-28 15:32:56,933 [Worker-77: Launching Ams - AmsApplication] INFO  o.e.m.c.i.embedder.EclipseLogger - Using 'UTF-8' encoding to copy filtered resources.
2022-03-28 15:32:56,934 [Worker-77: Launching Ams - AmsApplication] INFO  o.e.m.c.i.embedder.EclipseLogger - Using 'UTF-8' encoding to copy filtered properties files.
2022-03-28 15:32:56,934 [Worker-77: Launching Ams - AmsApplication] INFO  o.e.m.c.i.embedder.EclipseLogger - skip non existing resourceDirectory C:\Users\USER\Desktop\Formation\Ams\src\test\resources
2022-03-28 15:34:12,359 [Worker-77: Building] INFO  o.e.m.c.i.embedder.EclipseLogger - Using 'UTF-8' encoding to copy filtered resources.
2022-03-28 15:34:12,360 [Worker-77: Building] INFO  o.e.m.c.i.embedder.EclipseLogger - Using 'UTF-8' encoding to copy filtered properties files.
2022-03-28 15:34:12,360 [Worker-77: Building] INFO  o.e.m.c.i.embedder.EclipseLogger - Copying 0 resource
2022-03-28 15:34:12,360 [Worker-77: Building] INFO  o.e.m.c.i.embedder.EclipseLogger - Copying 1 resource
2022-03-28 15:34:12,364 [Worker-77: Building] INFO  o.e.m.c.i.embedder.EclipseLogger - Using 'UTF-8' encoding to copy filtered resources.
2022-03-28 15:34:12,364 [Worker-77: Building] INFO  o.e.m.c.i.embedder.EclipseLogger - Using 'UTF-8' encoding to copy filtered properties files.
2022-03-28 15:34:12,364 [Worker-77: Building] INFO  o.e.m.c.i.embedder.EclipseLogger - skip non existing resourceDirectory C:\Users\USER\Desktop\Formation\Ams\src\test\resources
2022-03-28 15:42:15,912 [Worker-81: Launching Ams - AmsApplication] INFO  o.e.m.c.i.embedder.EclipseLogger - Using 'UTF-8' encoding to copy filtered resources.
2022-03-28 15:42:15,912 [Worker-81: Launching Ams - AmsApplication] INFO  o.e.m.c.i.embedder.EclipseLogger - Using 'UTF-8' encoding to copy filtered properties files.
2022-03-28 15:42:15,913 [Worker-81: Launching Ams - AmsApplication] INFO  o.e.m.c.i.embedder.EclipseLogger - Copying 0 resource
2022-03-28 15:42:15,913 [Worker-81: Launching Ams - AmsApplication] INFO  o.e.m.c.i.embedder.EclipseLogger - Copying 2 resources
2022-03-28 15:42:15,920 [Worker-81: Launching Ams - AmsApplication] INFO  o.e.m.c.i.embedder.EclipseLogger - Using 'UTF-8' encoding to copy filtered resources.
2022-03-28 15:42:15,920 [Worker-81: Launching Ams - AmsApplication] INFO  o.e.m.c.i.embedder.EclipseLogger - Using 'UTF-8' encoding to copy filtered properties files.
2022-03-28 15:42:15,920 [Worker-81: Launching Ams - AmsApplication] INFO  o.e.m.c.i.embedder.EclipseLogger - skip non existing resourceDirectory C:\Users\USER\Desktop\Formation\Ams\src\test\resources
2022-03-28 15:48:38,997 [Worker-84: Launching Ams - AmsApplication] INFO  o.e.m.c.i.embedder.EclipseLogger - Using 'UTF-8' encoding to copy filtered resources.
2022-03-28 15:48:38,997 [Worker-84: Launching Ams - AmsApplication] INFO  o.e.m.c.i.embedder.EclipseLogger - Using 'UTF-8' encoding to copy filtered properties files.
2022-03-28 15:48:39,001 [Worker-84: Launching Ams - AmsApplication] INFO  o.e.m.c.i.embedder.EclipseLogger - Copying 1 resource
2022-03-28 15:48:39,010 [Worker-84: Launching Ams - AmsApplication] INFO  o.e.m.c.i.embedder.EclipseLogger - Copying 26 resources
2022-03-28 15:48:39,037 [Worker-84: Launching Ams - AmsApplication] INFO  o.e.m.c.i.embedder.EclipseLogger - Using 'UTF-8' encoding to copy filtered resources.
2022-03-28 15:48:39,037 [Worker-84: Launching Ams - AmsApplication] INFO  o.e.m.c.i.embedder.EclipseLogger - Using 'UTF-8' encoding to copy filtered properties files.
2022-03-28 15:48:39,037 [Worker-84: Launching Ams - AmsApplication] INFO  o.e.m.c.i.embedder.EclipseLogger - skip non existing resourceDirectory C:\Users\USER\Desktop\Formation\Ams\src\test\resources
2022-03-28 15:51:33,384 [Worker-86: Launching Ams - AmsApplication] INFO  o.e.m.c.i.embedder.EclipseLogger - Using 'UTF-8' encoding to copy filtered resources.
2022-03-28 15:51:33,385 [Worker-86: Launching Ams - AmsApplication] INFO  o.e.m.c.i.embedder.EclipseLogger - Using 'UTF-8' encoding to copy filtered properties files.
2022-03-28 15:51:33,387 [Worker-86: Launching Ams - AmsApplication] INFO  o.e.m.c.i.embedder.EclipseLogger - Copying 1 resource
2022-03-28 15:51:33,406 [Worker-86: Launching Ams - AmsApplication] INFO  o.e.m.c.i.embedder.EclipseLogger - Copying 26 resources
2022-03-28 15:51:33,419 [Worker-86: Launching Ams - AmsApplication] INFO  o.e.m.c.i.embedder.EclipseLogger - Using 'UTF-8' encoding to copy filtered resources.
2022-03-28 15:51:33,419 [Worker-86: Launching Ams - AmsApplication] INFO  o.e.m.c.i.embedder.EclipseLogger - Using 'UTF-8' encoding to copy filtered properties files.
2022-03-28 15:51:33,419 [Worker-86: Launching Ams - AmsApplication] INFO  o.e.m.c.i.embedder.EclipseLogger - skip non existing resourceDirectory C:\Users\USER\Desktop\Formation\Ams\src\test\resources
2022-03-28 15:58:27,232 [Worker-89: Launching Ams - AmsApplication] INFO  o.e.m.c.i.embedder.EclipseLogger - Using 'UTF-8' encoding to copy filtered resources.
2022-03-28 15:58:27,233 [Worker-89: Launching Ams - AmsApplication] INFO  o.e.m.c.i.embedder.EclipseLogger - Using 'UTF-8' encoding to copy filtered properties files.
2022-03-28 15:58:27,233 [Worker-89: Launching Ams - AmsApplication] INFO  o.e.m.c.i.embedder.EclipseLogger - Copying 0 resource
2022-03-28 15:58:27,233 [Worker-89: Launching Ams - AmsApplication] INFO  o.e.m.c.i.embedder.EclipseLogger - Copying 2 resources
2022-03-28 15:58:27,240 [Worker-89: Launching Ams - AmsApplication] INFO  o.e.m.c.i.embedder.EclipseLogger - Using 'UTF-8' encoding to copy filtered resources.
2022-03-28 15:58:27,240 [Worker-89: Launching Ams - AmsApplication] INFO  o.e.m.c.i.embedder.EclipseLogger - Using 'UTF-8' encoding to copy filtered properties files.
2022-03-28 15:58:27,240 [Worker-89: Launching Ams - AmsApplication] INFO  o.e.m.c.i.embedder.EclipseLogger - skip non existing resourceDirectory C:\Users\USER\Desktop\Formation\Ams\src\test\resources
2022-03-28 15:59:02,247 [Worker-88: Launching Ams - AmsApplication] INFO  o.e.m.c.i.embedder.EclipseLogger - Using 'UTF-8' encoding to copy filtered resources.
2022-03-28 15:59:02,247 [Worker-88: Launching Ams - AmsApplication] INFO  o.e.m.c.i.embedder.EclipseLogger - Using 'UTF-8' encoding to copy filtered properties files.
2022-03-28 15:59:02,247 [Worker-88: Launching Ams - AmsApplication] INFO  o.e.m.c.i.embedder.EclipseLogger - Copying 0 resource
2022-03-28 15:59:02,247 [Worker-88: Launching Ams - AmsApplication] INFO  o.e.m.c.i.embedder.EclipseLogger - Copying 1 resource
2022-03-28 15:59:02,251 [Worker-88: Launching Ams - AmsApplication] INFO  o.e.m.c.i.embedder.EclipseLogger - Using 'UTF-8' encoding to copy filtered resources.
2022-03-28 15:59:02,251 [Worker-88: Launching Ams - AmsApplication] INFO  o.e.m.c.i.embedder.EclipseLogger - Using 'UTF-8' encoding to copy filtered properties files.
2022-03-28 15:59:02,251 [Worker-88: Launching Ams - AmsApplication] INFO  o.e.m.c.i.embedder.EclipseLogger - skip non existing resourceDirectory C:\Users\USER\Desktop\Formation\Ams\src\test\resources
2022-03-28 16:00:15,983 [Worker-87: Launching Ams - AmsApplication] INFO  o.e.m.c.i.embedder.EclipseLogger - Using 'UTF-8' encoding to copy filtered resources.
2022-03-28 16:00:15,984 [Worker-87: Launching Ams - AmsApplication] INFO  o.e.m.c.i.embedder.EclipseLogger - Using 'UTF-8' encoding to copy filtered properties files.
2022-03-28 16:00:15,984 [Worker-87: Launching Ams - AmsApplication] INFO  o.e.m.c.i.embedder.EclipseLogger - Copying 0 resource
2022-03-28 16:00:15,984 [Worker-87: Launching Ams - AmsApplication] INFO  o.e.m.c.i.embedder.EclipseLogger - Copying 1 resource
2022-03-28 16:00:15,988 [Worker-87: Launching Ams - AmsApplication] INFO  o.e.m.c.i.embedder.EclipseLogger - Using 'UTF-8' encoding to copy filtered resources.
2022-03-28 16:00:15,988 [Worker-87: Launching Ams - AmsApplication] INFO  o.e.m.c.i.embedder.EclipseLogger - Using 'UTF-8' encoding to copy filtered properties files.
2022-03-28 16:00:15,988 [Worker-87: Launching Ams - AmsApplication] INFO  o.e.m.c.i.embedder.EclipseLogger - skip non existing resourceDirectory C:\Users\USER\Desktop\Formation\Ams\src\test\resources
